2021-04-04 14:37:58 INFO run.py:219 GNS3 server version 2.2.19
2021-04-04 14:37:58 INFO run.py:221 Copyright (c) 2007-2021 GNS3 Technologies Inc.
2021-04-04 14:37:58 INFO run.py:224 Config file /home/saad/.config/GNS3/2.2/gns3_server.conf loaded
2021-04-04 14:37:58 WARNING run.py:230 Local mode is enabled. Beware, clients will have full control on your filesystem
2021-04-04 14:37:58 INFO run.py:243 Running with Python 3.9.2 and has PID 3311
2021-04-04 14:37:58 INFO run.py:79 Current locale is en_US.UTF-8
2021-04-04 14:37:58 WARNING port_manager.py:92 Remote console connections are allowed
2021-04-04 14:37:58 INFO web_server.py:318 Starting server on localhost:3080
2021-04-04 14:37:58 INFO __init__.py:62 Load controller configuration file /home/saad/.config/GNS3/2.2/gns3_controller.conf
2021-04-04 14:37:58 INFO __init__.py:66 Controller is starting
2021-04-04 14:37:58 INFO compute.py:64 Create compute local
2021-04-04 14:37:58 INFO compute.py:364 Connecting to compute 'local'
2021-04-04 14:37:58 INFO web_log.py:233 ::1 [04/Apr/2021:09:37:58 +0000] "GET /v2/compute/capabilities HTTP/1.1" 200 552 "-" "Python/3.9 aiohttp/3.6.2"
2021-04-04 14:37:58 ERROR web_protocol.py:355 Error handling request
Traceback (most recent call last):
  File "/home/saad/.local/lib/python3.9/site-packages/aiohttp/web_protocol.py", line 275, in data_received
    messages, upgraded, tail = self._request_parser.feed_data(data)
  File "/home/saad/.local/lib/python3.9/site-packages/aiohttp/http_parser.py", line 264, in feed_data
    msg = self.parse_message(self._lines)
  File "/home/saad/.local/lib/python3.9/site-packages/aiohttp/http_parser.py", line 437, in parse_message
    raise BadStatusLine(method)
aiohttp.http_exceptions.BadStatusLine: /version
2021-04-04 14:37:58 INFO notification_handler.py:50 New client has connected to compute WebSocket
2021-04-04 14:37:58 INFO compute.py:434 Connected to compute 'local' WebSocket 'http://localhost:3080/v2/compute/notifications/ws'
2021-04-04 14:37:58 INFO web_log.py:233 ::1 [04/Apr/2021:09:37:58 +0000] "GET /v2/version HTTP/1.1" 200 227 "-" "GNS3 QT Client v2.2.19"
2021-04-04 14:37:58 INFO web_log.py:233 ::1 [04/Apr/2021:09:37:58 +0000] "GET /v2/templates HTTP/1.1" 200 17101 "-" "GNS3 QT Client v2.2.19"
2021-04-04 14:37:58 INFO web_log.py:233 ::1 [04/Apr/2021:09:37:58 +0000] "GET /v2/computes HTTP/1.1" 200 1023 "-" "GNS3 QT Client v2.2.19"
2021-04-04 14:37:58 INFO web_log.py:233 ::1 [04/Apr/2021:09:37:58 +0000] "GET /v2/appliances?symbol_theme=Affinity-circle-gray HTTP/1.1" 200 786188 "-" "GNS3 QT Client v2.2.19"
2021-04-04 14:37:58 INFO web_log.py:233 ::1 [04/Apr/2021:09:37:58 +0000] "GET /v2/projects HTTP/1.1" 200 24317 "-" "GNS3 QT Client v2.2.19"
2021-04-04 14:37:58 INFO web_log.py:233 ::1 [04/Apr/2021:09:37:58 +0000] "GET /v2/projects HTTP/1.1" 200 24317 "-" "GNS3 QT Client v2.2.19"
2021-04-04 14:37:58 INFO notification_handler.py:73 New client has connected to controller WebSocket
2021-04-04 14:38:02 INFO project.py:78 Project e05c6821-0545-4bce-a6a3-b55c1a5a96d5 with path '/home/saad/GNS3/projects/untitled' created
2021-04-04 14:38:02 INFO web_log.py:233 ::1 [04/Apr/2021:09:38:02 +0000] "POST /v2/compute/projects HTTP/1.1" 201 303 "-" "Python/3.9 aiohttp/3.6.2"
2021-04-04 14:38:02 INFO iou_vm.py:73 IOU "R1" [8635ad9d-eae6-440c-a4f0-d64656a1ae69]: assigned with application ID 1
2021-04-04 14:38:02 INFO iou_vm.py:848 IOU "R1" [8635ad9d-eae6-440c-a4f0-d64656a1ae69]: number of Ethernet adapters changed to 2
2021-04-04 14:38:02 INFO iou_vm.py:876 IOU "R1" [8635ad9d-eae6-440c-a4f0-d64656a1ae69]: number of Serial adapters changed to 2
2021-04-04 14:38:02 INFO iou_vm.py:316 IOU "R1" [8635ad9d-eae6-440c-a4f0-d64656a1ae69]: NVRAM updated from 128KB to 64KB
2021-04-04 14:38:02 INFO iou_vm.py:848 IOU "R1" [8635ad9d-eae6-440c-a4f0-d64656a1ae69]: number of Ethernet adapters changed to 3
2021-04-04 14:38:02 INFO iou_vm.py:145 IOU "R1" [8635ad9d-eae6-440c-a4f0-d64656a1ae69]: IOU image updated to "/home/saad/GNS3/images/IOU/i86bi-linux-l3-adventerprisek9-ms.155-2.T.bin"
2021-04-04 14:38:02 INFO iou_vm.py:876 IOU "R1" [8635ad9d-eae6-440c-a4f0-d64656a1ae69]: number of Serial adapters changed to 1
2021-04-04 14:38:02 INFO web_log.py:233 127.0.0.1 [04/Apr/2021:09:38:02 +0000] "POST /v2/compute/projects/e05c6821-0545-4bce-a6a3-b55c1a5a96d5/iou/nodes HTTP/1.1" 201 870 "-" "Python/3.9 aiohttp/3.6.2"
2021-04-04 14:38:02 INFO iou_vm.py:73 IOU "R2" [041f9ab4-b46b-4e9d-9396-1d1aebf3f785]: assigned with application ID 2
2021-04-04 14:38:02 INFO iou_vm.py:848 IOU "R2" [041f9ab4-b46b-4e9d-9396-1d1aebf3f785]: number of Ethernet adapters changed to 2
2021-04-04 14:38:02 INFO iou_vm.py:876 IOU "R2" [041f9ab4-b46b-4e9d-9396-1d1aebf3f785]: number of Serial adapters changed to 2
2021-04-04 14:38:02 INFO iou_vm.py:316 IOU "R2" [041f9ab4-b46b-4e9d-9396-1d1aebf3f785]: NVRAM updated from 128KB to 64KB
2021-04-04 14:38:02 INFO iou_vm.py:848 IOU "R2" [041f9ab4-b46b-4e9d-9396-1d1aebf3f785]: number of Ethernet adapters changed to 3
2021-04-04 14:38:02 INFO iou_vm.py:145 IOU "R2" [041f9ab4-b46b-4e9d-9396-1d1aebf3f785]: IOU image updated to "/home/saad/GNS3/images/IOU/i86bi-linux-l3-adventerprisek9-ms.155-2.T.bin"
2021-04-04 14:38:02 INFO iou_vm.py:876 IOU "R2" [041f9ab4-b46b-4e9d-9396-1d1aebf3f785]: number of Serial adapters changed to 1
2021-04-04 14:38:02 INFO web_log.py:233 ::1 [04/Apr/2021:09:38:02 +0000] "POST /v2/compute/projects/e05c6821-0545-4bce-a6a3-b55c1a5a96d5/iou/nodes HTTP/1.1" 201 870 "-" "Python/3.9 aiohttp/3.6.2"
2021-04-04 14:38:02 INFO iou_vm.py:73 IOU "S1" [ae4d8572-6df2-4b5a-b039-bec32facfec0]: assigned with application ID 3
2021-04-04 14:38:02 INFO iou_vm.py:848 IOU "S1" [ae4d8572-6df2-4b5a-b039-bec32facfec0]: number of Ethernet adapters changed to 2
2021-04-04 14:38:02 INFO iou_vm.py:876 IOU "S1" [ae4d8572-6df2-4b5a-b039-bec32facfec0]: number of Serial adapters changed to 2
2021-04-04 14:38:02 INFO iou_vm.py:316 IOU "S1" [ae4d8572-6df2-4b5a-b039-bec32facfec0]: NVRAM updated from 128KB to 16KB
2021-04-04 14:38:02 INFO iou_vm.py:848 IOU "S1" [ae4d8572-6df2-4b5a-b039-bec32facfec0]: number of Ethernet adapters changed to 4
2021-04-04 14:38:02 INFO iou_vm.py:145 IOU "S1" [ae4d8572-6df2-4b5a-b039-bec32facfec0]: IOU image updated to "/home/saad/GNS3/images/IOU/i86bi-linux-l2-adventerprisek9-15.1a.bin"
2021-04-04 14:38:02 INFO iou_vm.py:876 IOU "S1" [ae4d8572-6df2-4b5a-b039-bec32facfec0]: number of Serial adapters changed to 0
2021-04-04 14:38:02 INFO web_log.py:233 127.0.0.1 [04/Apr/2021:09:38:02 +0000] "POST /v2/compute/projects/e05c6821-0545-4bce-a6a3-b55c1a5a96d5/iou/nodes HTTP/1.1" 201 865 "-" "Python/3.9 aiohttp/3.6.2"
2021-04-04 14:38:02 INFO iou_vm.py:73 IOU "R3" [878001c2-45d2-4e30-b543-8d3fc647f448]: assigned with application ID 4
2021-04-04 14:38:02 INFO iou_vm.py:848 IOU "R3" [878001c2-45d2-4e30-b543-8d3fc647f448]: number of Ethernet adapters changed to 2
2021-04-04 14:38:02 INFO iou_vm.py:876 IOU "R3" [878001c2-45d2-4e30-b543-8d3fc647f448]: number of Serial adapters changed to 2
2021-04-04 14:38:02 INFO iou_vm.py:316 IOU "R3" [878001c2-45d2-4e30-b543-8d3fc647f448]: NVRAM updated from 128KB to 64KB
2021-04-04 14:38:02 INFO iou_vm.py:848 IOU "R3" [878001c2-45d2-4e30-b543-8d3fc647f448]: number of Ethernet adapters changed to 3
2021-04-04 14:38:02 INFO iou_vm.py:145 IOU "R3" [878001c2-45d2-4e30-b543-8d3fc647f448]: IOU image updated to "/home/saad/GNS3/images/IOU/i86bi-linux-l3-adventerprisek9-ms.155-2.T.bin"
2021-04-04 14:38:02 INFO iou_vm.py:876 IOU "R3" [878001c2-45d2-4e30-b543-8d3fc647f448]: number of Serial adapters changed to 1
2021-04-04 14:38:02 INFO web_log.py:233 ::1 [04/Apr/2021:09:38:02 +0000] "POST /v2/compute/projects/e05c6821-0545-4bce-a6a3-b55c1a5a96d5/iou/nodes HTTP/1.1" 201 870 "-" "Python/3.9 aiohttp/3.6.2"
2021-04-04 14:38:02 INFO iou_vm.py:73 IOU "R4" [bd229dd8-8817-459d-a431-131966502836]: assigned with application ID 5
2021-04-04 14:38:02 INFO iou_vm.py:848 IOU "R4" [bd229dd8-8817-459d-a431-131966502836]: number of Ethernet adapters changed to 2
2021-04-04 14:38:02 INFO iou_vm.py:876 IOU "R4" [bd229dd8-8817-459d-a431-131966502836]: number of Serial adapters changed to 2
2021-04-04 14:38:02 INFO iou_vm.py:316 IOU "R4" [bd229dd8-8817-459d-a431-131966502836]: NVRAM updated from 128KB to 64KB
2021-04-04 14:38:02 INFO iou_vm.py:848 IOU "R4" [bd229dd8-8817-459d-a431-131966502836]: number of Ethernet adapters changed to 3
2021-04-04 14:38:02 INFO iou_vm.py:145 IOU "R4" [bd229dd8-8817-459d-a431-131966502836]: IOU image updated to "/home/saad/GNS3/images/IOU/i86bi-linux-l3-adventerprisek9-ms.155-2.T.bin"
2021-04-04 14:38:02 INFO iou_vm.py:876 IOU "R4" [bd229dd8-8817-459d-a431-131966502836]: number of Serial adapters changed to 1
2021-04-04 14:38:02 INFO web_log.py:233 127.0.0.1 [04/Apr/2021:09:38:02 +0000] "POST /v2/compute/projects/e05c6821-0545-4bce-a6a3-b55c1a5a96d5/iou/nodes HTTP/1.1" 201 870 "-" "Python/3.9 aiohttp/3.6.2"
2021-04-04 14:38:02 INFO iou_vm.py:73 IOU "R5" [1a737280-33e6-47eb-bd49-f6d567e411a5]: assigned with application ID 6
2021-04-04 14:38:02 INFO iou_vm.py:848 IOU "R5" [1a737280-33e6-47eb-bd49-f6d567e411a5]: number of Ethernet adapters changed to 2
2021-04-04 14:38:02 INFO iou_vm.py:876 IOU "R5" [1a737280-33e6-47eb-bd49-f6d567e411a5]: number of Serial adapters changed to 2
2021-04-04 14:38:02 INFO iou_vm.py:316 IOU "R5" [1a737280-33e6-47eb-bd49-f6d567e411a5]: NVRAM updated from 128KB to 64KB
2021-04-04 14:38:02 INFO iou_vm.py:848 IOU "R5" [1a737280-33e6-47eb-bd49-f6d567e411a5]: number of Ethernet adapters changed to 3
2021-04-04 14:38:02 INFO iou_vm.py:145 IOU "R5" [1a737280-33e6-47eb-bd49-f6d567e411a5]: IOU image updated to "/home/saad/GNS3/images/IOU/i86bi-linux-l3-adventerprisek9-ms.155-2.T.bin"
2021-04-04 14:38:02 INFO iou_vm.py:876 IOU "R5" [1a737280-33e6-47eb-bd49-f6d567e411a5]: number of Serial adapters changed to 1
2021-04-04 14:38:02 INFO web_log.py:233 ::1 [04/Apr/2021:09:38:02 +0000] "POST /v2/compute/projects/e05c6821-0545-4bce-a6a3-b55c1a5a96d5/iou/nodes HTTP/1.1" 201 870 "-" "Python/3.9 aiohttp/3.6.2"
2021-04-04 14:38:02 INFO iou_vm.py:73 IOU "R6" [f605becf-95a2-49a4-bfc4-bc1b6db5a810]: assigned with application ID 7
2021-04-04 14:38:02 INFO iou_vm.py:848 IOU "R6" [f605becf-95a2-49a4-bfc4-bc1b6db5a810]: number of Ethernet adapters changed to 2
2021-04-04 14:38:02 INFO iou_vm.py:876 IOU "R6" [f605becf-95a2-49a4-bfc4-bc1b6db5a810]: number of Serial adapters changed to 2
2021-04-04 14:38:02 INFO iou_vm.py:316 IOU "R6" [f605becf-95a2-49a4-bfc4-bc1b6db5a810]: NVRAM updated from 128KB to 64KB
2021-04-04 14:38:02 INFO iou_vm.py:848 IOU "R6" [f605becf-95a2-49a4-bfc4-bc1b6db5a810]: number of Ethernet adapters changed to 3
2021-04-04 14:38:02 INFO iou_vm.py:145 IOU "R6" [f605becf-95a2-49a4-bfc4-bc1b6db5a810]: IOU image updated to "/home/saad/GNS3/images/IOU/i86bi-linux-l3-adventerprisek9-ms.155-2.T.bin"
2021-04-04 14:38:02 INFO iou_vm.py:876 IOU "R6" [f605becf-95a2-49a4-bfc4-bc1b6db5a810]: number of Serial adapters changed to 1
2021-04-04 14:38:02 INFO web_log.py:233 127.0.0.1 [04/Apr/2021:09:38:02 +0000] "POST /v2/compute/projects/e05c6821-0545-4bce-a6a3-b55c1a5a96d5/iou/nodes HTTP/1.1" 201 870 "-" "Python/3.9 aiohttp/3.6.2"
2021-04-04 14:38:02 INFO iou_vm.py:73 IOU "R7" [d3e2ffcc-bdcb-4fdc-a32b-4f0a5f6e9a7a]: assigned with application ID 8
2021-04-04 14:38:02 INFO iou_vm.py:848 IOU "R7" [d3e2ffcc-bdcb-4fdc-a32b-4f0a5f6e9a7a]: number of Ethernet adapters changed to 2
2021-04-04 14:38:02 INFO iou_vm.py:876 IOU "R7" [d3e2ffcc-bdcb-4fdc-a32b-4f0a5f6e9a7a]: number of Serial adapters changed to 2
2021-04-04 14:38:02 INFO iou_vm.py:316 IOU "R7" [d3e2ffcc-bdcb-4fdc-a32b-4f0a5f6e9a7a]: NVRAM updated from 128KB to 64KB
2021-04-04 14:38:02 INFO iou_vm.py:848 IOU "R7" [d3e2ffcc-bdcb-4fdc-a32b-4f0a5f6e9a7a]: number of Ethernet adapters changed to 3
2021-04-04 14:38:02 INFO iou_vm.py:145 IOU "R7" [d3e2ffcc-bdcb-4fdc-a32b-4f0a5f6e9a7a]: IOU image updated to "/home/saad/GNS3/images/IOU/i86bi-linux-l3-adventerprisek9-ms.155-2.T.bin"
2021-04-04 14:38:02 INFO iou_vm.py:876 IOU "R7" [d3e2ffcc-bdcb-4fdc-a32b-4f0a5f6e9a7a]: number of Serial adapters changed to 1
2021-04-04 14:38:02 INFO web_log.py:233 ::1 [04/Apr/2021:09:38:02 +0000] "POST /v2/compute/projects/e05c6821-0545-4bce-a6a3-b55c1a5a96d5/iou/nodes HTTP/1.1" 201 870 "-" "Python/3.9 aiohttp/3.6.2"
2021-04-04 14:38:02 INFO iou_vm.py:73 IOU "S2" [85e7f816-5ab9-4e48-9b1b-a4ac61ce7b79]: assigned with application ID 9
2021-04-04 14:38:02 INFO iou_vm.py:848 IOU "S2" [85e7f816-5ab9-4e48-9b1b-a4ac61ce7b79]: number of Ethernet adapters changed to 2
2021-04-04 14:38:02 INFO iou_vm.py:876 IOU "S2" [85e7f816-5ab9-4e48-9b1b-a4ac61ce7b79]: number of Serial adapters changed to 2
2021-04-04 14:38:02 INFO iou_vm.py:316 IOU "S2" [85e7f816-5ab9-4e48-9b1b-a4ac61ce7b79]: NVRAM updated from 128KB to 16KB
2021-04-04 14:38:02 INFO iou_vm.py:848 IOU "S2" [85e7f816-5ab9-4e48-9b1b-a4ac61ce7b79]: number of Ethernet adapters changed to 4
2021-04-04 14:38:02 INFO iou_vm.py:145 IOU "S2" [85e7f816-5ab9-4e48-9b1b-a4ac61ce7b79]: IOU image updated to "/home/saad/GNS3/images/IOU/i86bi-linux-l2-adventerprisek9-15.1a.bin"
2021-04-04 14:38:02 INFO iou_vm.py:876 IOU "S2" [85e7f816-5ab9-4e48-9b1b-a4ac61ce7b79]: number of Serial adapters changed to 0
2021-04-04 14:38:02 INFO web_log.py:233 127.0.0.1 [04/Apr/2021:09:38:02 +0000] "POST /v2/compute/projects/e05c6821-0545-4bce-a6a3-b55c1a5a96d5/iou/nodes HTTP/1.1" 201 865 "-" "Python/3.9 aiohttp/3.6.2"
2021-04-04 14:38:02 INFO iou_vm.py:73 IOU "S3" [346167f1-24d2-48f5-a534-042168a97298]: assigned with application ID 10
2021-04-04 14:38:02 INFO iou_vm.py:848 IOU "S3" [346167f1-24d2-48f5-a534-042168a97298]: number of Ethernet adapters changed to 2
2021-04-04 14:38:02 INFO iou_vm.py:876 IOU "S3" [346167f1-24d2-48f5-a534-042168a97298]: number of Serial adapters changed to 2
2021-04-04 14:38:02 INFO iou_vm.py:316 IOU "S3" [346167f1-24d2-48f5-a534-042168a97298]: NVRAM updated from 128KB to 16KB
2021-04-04 14:38:02 INFO iou_vm.py:848 IOU "S3" [346167f1-24d2-48f5-a534-042168a97298]: number of Ethernet adapters changed to 4
2021-04-04 14:38:02 INFO iou_vm.py:145 IOU "S3" [346167f1-24d2-48f5-a534-042168a97298]: IOU image updated to "/home/saad/GNS3/images/IOU/i86bi-linux-l2-adventerprisek9-15.1a.bin"
2021-04-04 14:38:02 INFO iou_vm.py:876 IOU "S3" [346167f1-24d2-48f5-a534-042168a97298]: number of Serial adapters changed to 0
2021-04-04 14:38:02 INFO web_log.py:233 ::1 [04/Apr/2021:09:38:02 +0000] "POST /v2/compute/projects/e05c6821-0545-4bce-a6a3-b55c1a5a96d5/iou/nodes HTTP/1.1" 201 866 "-" "Python/3.9 aiohttp/3.6.2"
2021-04-04 14:38:02 INFO iou_vm.py:73 IOU "R8" [ab5f2020-5669-4b9b-94a6-58d0568be87e]: assigned with application ID 11
2021-04-04 14:38:02 INFO iou_vm.py:848 IOU "R8" [ab5f2020-5669-4b9b-94a6-58d0568be87e]: number of Ethernet adapters changed to 2
2021-04-04 14:38:02 INFO iou_vm.py:876 IOU "R8" [ab5f2020-5669-4b9b-94a6-58d0568be87e]: number of Serial adapters changed to 2
2021-04-04 14:38:02 INFO iou_vm.py:316 IOU "R8" [ab5f2020-5669-4b9b-94a6-58d0568be87e]: NVRAM updated from 128KB to 64KB
2021-04-04 14:38:02 INFO iou_vm.py:848 IOU "R8" [ab5f2020-5669-4b9b-94a6-58d0568be87e]: number of Ethernet adapters changed to 3
2021-04-04 14:38:02 INFO iou_vm.py:145 IOU "R8" [ab5f2020-5669-4b9b-94a6-58d0568be87e]: IOU image updated to "/home/saad/GNS3/images/IOU/i86bi-linux-l3-adventerprisek9-ms.155-2.T.bin"
2021-04-04 14:38:02 INFO iou_vm.py:876 IOU "R8" [ab5f2020-5669-4b9b-94a6-58d0568be87e]: number of Serial adapters changed to 1
2021-04-04 14:38:02 INFO web_log.py:233 127.0.0.1 [04/Apr/2021:09:38:02 +0000] "POST /v2/compute/projects/e05c6821-0545-4bce-a6a3-b55c1a5a96d5/iou/nodes HTTP/1.1" 201 871 "-" "Python/3.9 aiohttp/3.6.2"
2021-04-04 14:38:02 INFO iou_vm.py:73 IOU "R9" [ee6571f4-4541-4636-8731-49ddad48ff15]: assigned with application ID 12
2021-04-04 14:38:02 INFO iou_vm.py:848 IOU "R9" [ee6571f4-4541-4636-8731-49ddad48ff15]: number of Ethernet adapters changed to 2
2021-04-04 14:38:02 INFO iou_vm.py:876 IOU "R9" [ee6571f4-4541-4636-8731-49ddad48ff15]: number of Serial adapters changed to 2
2021-04-04 14:38:02 INFO iou_vm.py:316 IOU "R9" [ee6571f4-4541-4636-8731-49ddad48ff15]: NVRAM updated from 128KB to 64KB
2021-04-04 14:38:02 INFO iou_vm.py:848 IOU "R9" [ee6571f4-4541-4636-8731-49ddad48ff15]: number of Ethernet adapters changed to 3
2021-04-04 14:38:02 INFO iou_vm.py:145 IOU "R9" [ee6571f4-4541-4636-8731-49ddad48ff15]: IOU image updated to "/home/saad/GNS3/images/IOU/i86bi-linux-l3-adventerprisek9-ms.155-2.T.bin"
2021-04-04 14:38:02 INFO iou_vm.py:876 IOU "R9" [ee6571f4-4541-4636-8731-49ddad48ff15]: number of Serial adapters changed to 1
2021-04-04 14:38:02 INFO web_log.py:233 ::1 [04/Apr/2021:09:38:02 +0000] "POST /v2/compute/projects/e05c6821-0545-4bce-a6a3-b55c1a5a96d5/iou/nodes HTTP/1.1" 201 871 "-" "Python/3.9 aiohttp/3.6.2"
2021-04-04 14:38:02 INFO iou_vm.py:73 IOU "S4" [d052f734-2056-414e-9c53-83651066bc08]: assigned with application ID 13
2021-04-04 14:38:02 INFO iou_vm.py:848 IOU "S4" [d052f734-2056-414e-9c53-83651066bc08]: number of Ethernet adapters changed to 2
2021-04-04 14:38:02 INFO iou_vm.py:876 IOU "S4" [d052f734-2056-414e-9c53-83651066bc08]: number of Serial adapters changed to 2
2021-04-04 14:38:02 INFO iou_vm.py:316 IOU "S4" [d052f734-2056-414e-9c53-83651066bc08]: NVRAM updated from 128KB to 16KB
2021-04-04 14:38:02 INFO iou_vm.py:848 IOU "S4" [d052f734-2056-414e-9c53-83651066bc08]: number of Ethernet adapters changed to 4
2021-04-04 14:38:02 INFO iou_vm.py:145 IOU "S4" [d052f734-2056-414e-9c53-83651066bc08]: IOU image updated to "/home/saad/GNS3/images/IOU/i86bi-linux-l2-adventerprisek9-15.1a.bin"
2021-04-04 14:38:02 INFO iou_vm.py:876 IOU "S4" [d052f734-2056-414e-9c53-83651066bc08]: number of Serial adapters changed to 0
2021-04-04 14:38:02 INFO web_log.py:233 127.0.0.1 [04/Apr/2021:09:38:02 +0000] "POST /v2/compute/projects/e05c6821-0545-4bce-a6a3-b55c1a5a96d5/iou/nodes HTTP/1.1" 201 866 "-" "Python/3.9 aiohttp/3.6.2"
2021-04-04 14:38:02 INFO iou_vm.py:73 IOU "S5" [edca6f9e-84f2-4bdb-bc57-029d114caf05]: assigned with application ID 14
2021-04-04 14:38:02 INFO iou_vm.py:848 IOU "S5" [edca6f9e-84f2-4bdb-bc57-029d114caf05]: number of Ethernet adapters changed to 2
2021-04-04 14:38:02 INFO iou_vm.py:876 IOU "S5" [edca6f9e-84f2-4bdb-bc57-029d114caf05]: number of Serial adapters changed to 2
2021-04-04 14:38:02 INFO iou_vm.py:316 IOU "S5" [edca6f9e-84f2-4bdb-bc57-029d114caf05]: NVRAM updated from 128KB to 16KB
2021-04-04 14:38:02 INFO iou_vm.py:848 IOU "S5" [edca6f9e-84f2-4bdb-bc57-029d114caf05]: number of Ethernet adapters changed to 4
2021-04-04 14:38:02 INFO iou_vm.py:145 IOU "S5" [edca6f9e-84f2-4bdb-bc57-029d114caf05]: IOU image updated to "/home/saad/GNS3/images/IOU/i86bi-linux-l2-adventerprisek9-15.1a.bin"
2021-04-04 14:38:02 INFO iou_vm.py:876 IOU "S5" [edca6f9e-84f2-4bdb-bc57-029d114caf05]: number of Serial adapters changed to 0
2021-04-04 14:38:02 INFO web_log.py:233 ::1 [04/Apr/2021:09:38:02 +0000] "POST /v2/compute/projects/e05c6821-0545-4bce-a6a3-b55c1a5a96d5/iou/nodes HTTP/1.1" 201 866 "-" "Python/3.9 aiohttp/3.6.2"
2021-04-04 14:38:02 INFO iou_vm.py:73 IOU "R10" [4067ee7d-0fdc-4231-8c72-458e0f7d15ea]: assigned with application ID 15
2021-04-04 14:38:02 INFO iou_vm.py:848 IOU "R10" [4067ee7d-0fdc-4231-8c72-458e0f7d15ea]: number of Ethernet adapters changed to 2
2021-04-04 14:38:02 INFO iou_vm.py:876 IOU "R10" [4067ee7d-0fdc-4231-8c72-458e0f7d15ea]: number of Serial adapters changed to 2
2021-04-04 14:38:02 INFO iou_vm.py:316 IOU "R10" [4067ee7d-0fdc-4231-8c72-458e0f7d15ea]: NVRAM updated from 128KB to 64KB
2021-04-04 14:38:02 INFO iou_vm.py:848 IOU "R10" [4067ee7d-0fdc-4231-8c72-458e0f7d15ea]: number of Ethernet adapters changed to 3
2021-04-04 14:38:02 INFO iou_vm.py:145 IOU "R10" [4067ee7d-0fdc-4231-8c72-458e0f7d15ea]: IOU image updated to "/home/saad/GNS3/images/IOU/i86bi-linux-l3-adventerprisek9-ms.155-2.T.bin"
2021-04-04 14:38:02 INFO iou_vm.py:876 IOU "R10" [4067ee7d-0fdc-4231-8c72-458e0f7d15ea]: number of Serial adapters changed to 1
2021-04-04 14:38:02 INFO web_log.py:233 127.0.0.1 [04/Apr/2021:09:38:02 +0000] "POST /v2/compute/projects/e05c6821-0545-4bce-a6a3-b55c1a5a96d5/iou/nodes HTTP/1.1" 201 872 "-" "Python/3.9 aiohttp/3.6.2"
2021-04-04 14:38:02 INFO web_log.py:233 ::1 [04/Apr/2021:09:38:02 +0000] "POST /v2/compute/projects/e05c6821-0545-4bce-a6a3-b55c1a5a96d5/ports/udp HTTP/1.1" 201 243 "-" "Python/3.9 aiohttp/3.6.2"
2021-04-04 14:38:02 INFO web_log.py:233 127.0.0.1 [04/Apr/2021:09:38:02 +0000] "POST /v2/compute/projects/e05c6821-0545-4bce-a6a3-b55c1a5a96d5/ports/udp HTTP/1.1" 201 243 "-" "Python/3.9 aiohttp/3.6.2"
2021-04-04 14:38:02 INFO iou_vm.py:902 IOU "R1" [8635ad9d-eae6-440c-a4f0-d64656a1ae69]: NIO UDP added to 0/0
2021-04-04 14:38:02 INFO web_log.py:233 ::1 [04/Apr/2021:09:38:02 +0000] "POST /v2/compute/projects/e05c6821-0545-4bce-a6a3-b55c1a5a96d5/iou/nodes/8635ad9d-eae6-440c-a4f0-d64656a1ae69/adapters/0/ports/0/nio HTTP/1.1" 201 377 "-" "Python/3.9 aiohttp/3.6.2"
2021-04-04 14:38:02 INFO iou_vm.py:902 IOU "S2" [85e7f816-5ab9-4e48-9b1b-a4ac61ce7b79]: NIO UDP added to 0/0
2021-04-04 14:38:02 INFO web_log.py:233 127.0.0.1 [04/Apr/2021:09:38:02 +0000] "POST /v2/compute/projects/e05c6821-0545-4bce-a6a3-b55c1a5a96d5/iou/nodes/85e7f816-5ab9-4e48-9b1b-a4ac61ce7b79/adapters/0/ports/0/nio HTTP/1.1" 201 377 "-" "Python/3.9 aiohttp/3.6.2"
2021-04-04 14:38:02 INFO web_log.py:233 ::1 [04/Apr/2021:09:38:02 +0000] "POST /v2/compute/projects/e05c6821-0545-4bce-a6a3-b55c1a5a96d5/ports/udp HTTP/1.1" 201 243 "-" "Python/3.9 aiohttp/3.6.2"
2021-04-04 14:38:02 INFO web_log.py:233 127.0.0.1 [04/Apr/2021:09:38:02 +0000] "POST /v2/compute/projects/e05c6821-0545-4bce-a6a3-b55c1a5a96d5/ports/udp HTTP/1.1" 201 243 "-" "Python/3.9 aiohttp/3.6.2"
2021-04-04 14:38:02 INFO iou_vm.py:902 IOU "R4" [bd229dd8-8817-459d-a431-131966502836]: NIO UDP added to 0/0
2021-04-04 14:38:02 INFO web_log.py:233 ::1 [04/Apr/2021:09:38:02 +0000] "POST /v2/compute/projects/e05c6821-0545-4bce-a6a3-b55c1a5a96d5/iou/nodes/bd229dd8-8817-459d-a431-131966502836/adapters/0/ports/0/nio HTTP/1.1" 201 377 "-" "Python/3.9 aiohttp/3.6.2"
2021-04-04 14:38:02 INFO iou_vm.py:902 IOU "S2" [85e7f816-5ab9-4e48-9b1b-a4ac61ce7b79]: NIO UDP added to 1/0
2021-04-04 14:38:02 INFO web_log.py:233 127.0.0.1 [04/Apr/2021:09:38:02 +0000] "POST /v2/compute/projects/e05c6821-0545-4bce-a6a3-b55c1a5a96d5/iou/nodes/85e7f816-5ab9-4e48-9b1b-a4ac61ce7b79/adapters/1/ports/0/nio HTTP/1.1" 201 377 "-" "Python/3.9 aiohttp/3.6.2"
2021-04-04 14:38:02 INFO web_log.py:233 ::1 [04/Apr/2021:09:38:02 +0000] "POST /v2/compute/projects/e05c6821-0545-4bce-a6a3-b55c1a5a96d5/ports/udp HTTP/1.1" 201 243 "-" "Python/3.9 aiohttp/3.6.2"
2021-04-04 14:38:02 INFO web_log.py:233 127.0.0.1 [04/Apr/2021:09:38:02 +0000] "POST /v2/compute/projects/e05c6821-0545-4bce-a6a3-b55c1a5a96d5/ports/udp HTTP/1.1" 201 243 "-" "Python/3.9 aiohttp/3.6.2"
2021-04-04 14:38:02 INFO iou_vm.py:902 IOU "R5" [1a737280-33e6-47eb-bd49-f6d567e411a5]: NIO UDP added to 2/0
2021-04-04 14:38:02 INFO web_log.py:233 ::1 [04/Apr/2021:09:38:02 +0000] "POST /v2/compute/projects/e05c6821-0545-4bce-a6a3-b55c1a5a96d5/iou/nodes/1a737280-33e6-47eb-bd49-f6d567e411a5/adapters/2/ports/0/nio HTTP/1.1" 201 377 "-" "Python/3.9 aiohttp/3.6.2"
2021-04-04 14:38:02 INFO iou_vm.py:902 IOU "S2" [85e7f816-5ab9-4e48-9b1b-a4ac61ce7b79]: NIO UDP added to 2/3
2021-04-04 14:38:02 INFO web_log.py:233 127.0.0.1 [04/Apr/2021:09:38:02 +0000] "POST /v2/compute/projects/e05c6821-0545-4bce-a6a3-b55c1a5a96d5/iou/nodes/85e7f816-5ab9-4e48-9b1b-a4ac61ce7b79/adapters/2/ports/3/nio HTTP/1.1" 201 377 "-" "Python/3.9 aiohttp/3.6.2"
2021-04-04 14:38:02 INFO web_log.py:233 ::1 [04/Apr/2021:09:38:02 +0000] "POST /v2/compute/projects/e05c6821-0545-4bce-a6a3-b55c1a5a96d5/ports/udp HTTP/1.1" 201 243 "-" "Python/3.9 aiohttp/3.6.2"
2021-04-04 14:38:02 INFO web_log.py:233 127.0.0.1 [04/Apr/2021:09:38:02 +0000] "POST /v2/compute/projects/e05c6821-0545-4bce-a6a3-b55c1a5a96d5/ports/udp HTTP/1.1" 201 243 "-" "Python/3.9 aiohttp/3.6.2"
2021-04-04 14:38:02 INFO iou_vm.py:902 IOU "R1" [8635ad9d-eae6-440c-a4f0-d64656a1ae69]: NIO UDP added to 3/0
2021-04-04 14:38:02 INFO web_log.py:233 ::1 [04/Apr/2021:09:38:02 +0000] "POST /v2/compute/projects/e05c6821-0545-4bce-a6a3-b55c1a5a96d5/iou/nodes/8635ad9d-eae6-440c-a4f0-d64656a1ae69/adapters/3/ports/0/nio HTTP/1.1" 201 377 "-" "Python/3.9 aiohttp/3.6.2"
2021-04-04 14:38:02 INFO iou_vm.py:902 IOU "R2" [041f9ab4-b46b-4e9d-9396-1d1aebf3f785]: NIO UDP added to 3/0
2021-04-04 14:38:02 INFO web_log.py:233 127.0.0.1 [04/Apr/2021:09:38:02 +0000] "POST /v2/compute/projects/e05c6821-0545-4bce-a6a3-b55c1a5a96d5/iou/nodes/041f9ab4-b46b-4e9d-9396-1d1aebf3f785/adapters/3/ports/0/nio HTTP/1.1" 201 377 "-" "Python/3.9 aiohttp/3.6.2"
2021-04-04 14:38:02 INFO web_log.py:233 ::1 [04/Apr/2021:09:38:02 +0000] "POST /v2/compute/projects/e05c6821-0545-4bce-a6a3-b55c1a5a96d5/ports/udp HTTP/1.1" 201 243 "-" "Python/3.9 aiohttp/3.6.2"
2021-04-04 14:38:02 INFO web_log.py:233 127.0.0.1 [04/Apr/2021:09:38:02 +0000] "POST /v2/compute/projects/e05c6821-0545-4bce-a6a3-b55c1a5a96d5/ports/udp HTTP/1.1" 201 243 "-" "Python/3.9 aiohttp/3.6.2"
2021-04-04 14:38:02 INFO iou_vm.py:902 IOU "R2" [041f9ab4-b46b-4e9d-9396-1d1aebf3f785]: NIO UDP added to 0/0
2021-04-04 14:38:02 INFO web_log.py:233 ::1 [04/Apr/2021:09:38:02 +0000] "POST /v2/compute/projects/e05c6821-0545-4bce-a6a3-b55c1a5a96d5/iou/nodes/041f9ab4-b46b-4e9d-9396-1d1aebf3f785/adapters/0/ports/0/nio HTTP/1.1" 201 377 "-" "Python/3.9 aiohttp/3.6.2"
2021-04-04 14:38:02 INFO iou_vm.py:902 IOU "S1" [ae4d8572-6df2-4b5a-b039-bec32facfec0]: NIO UDP added to 0/0
2021-04-04 14:38:02 INFO web_log.py:233 127.0.0.1 [04/Apr/2021:09:38:02 +0000] "POST /v2/compute/projects/e05c6821-0545-4bce-a6a3-b55c1a5a96d5/iou/nodes/ae4d8572-6df2-4b5a-b039-bec32facfec0/adapters/0/ports/0/nio HTTP/1.1" 201 377 "-" "Python/3.9 aiohttp/3.6.2"
2021-04-04 14:38:02 INFO web_log.py:233 ::1 [04/Apr/2021:09:38:02 +0000] "POST /v2/compute/projects/e05c6821-0545-4bce-a6a3-b55c1a5a96d5/ports/udp HTTP/1.1" 201 243 "-" "Python/3.9 aiohttp/3.6.2"
2021-04-04 14:38:02 INFO web_log.py:233 127.0.0.1 [04/Apr/2021:09:38:02 +0000] "POST /v2/compute/projects/e05c6821-0545-4bce-a6a3-b55c1a5a96d5/ports/udp HTTP/1.1" 201 243 "-" "Python/3.9 aiohttp/3.6.2"
2021-04-04 14:38:02 INFO iou_vm.py:902 IOU "S1" [ae4d8572-6df2-4b5a-b039-bec32facfec0]: NIO UDP added to 0/1
2021-04-04 14:38:02 INFO web_log.py:233 ::1 [04/Apr/2021:09:38:02 +0000] "POST /v2/compute/projects/e05c6821-0545-4bce-a6a3-b55c1a5a96d5/iou/nodes/ae4d8572-6df2-4b5a-b039-bec32facfec0/adapters/0/ports/1/nio HTTP/1.1" 201 377 "-" "Python/3.9 aiohttp/3.6.2"
2021-04-04 14:38:02 INFO iou_vm.py:902 IOU "R3" [878001c2-45d2-4e30-b543-8d3fc647f448]: NIO UDP added to 0/0
2021-04-04 14:38:02 INFO web_log.py:233 127.0.0.1 [04/Apr/2021:09:38:02 +0000] "POST /v2/compute/projects/e05c6821-0545-4bce-a6a3-b55c1a5a96d5/iou/nodes/878001c2-45d2-4e30-b543-8d3fc647f448/adapters/0/ports/0/nio HTTP/1.1" 201 377 "-" "Python/3.9 aiohttp/3.6.2"
2021-04-04 14:38:02 INFO web_log.py:233 ::1 [04/Apr/2021:09:38:02 +0000] "POST /v2/compute/projects/e05c6821-0545-4bce-a6a3-b55c1a5a96d5/ports/udp HTTP/1.1" 201 243 "-" "Python/3.9 aiohttp/3.6.2"
2021-04-04 14:38:02 INFO web_log.py:233 127.0.0.1 [04/Apr/2021:09:38:02 +0000] "POST /v2/compute/projects/e05c6821-0545-4bce-a6a3-b55c1a5a96d5/ports/udp HTTP/1.1" 201 243 "-" "Python/3.9 aiohttp/3.6.2"
2021-04-04 14:38:02 INFO iou_vm.py:902 IOU "R9" [ee6571f4-4541-4636-8731-49ddad48ff15]: NIO UDP added to 2/2
2021-04-04 14:38:02 INFO web_log.py:233 ::1 [04/Apr/2021:09:38:02 +0000] "POST /v2/compute/projects/e05c6821-0545-4bce-a6a3-b55c1a5a96d5/iou/nodes/ee6571f4-4541-4636-8731-49ddad48ff15/adapters/2/ports/2/nio HTTP/1.1" 201 377 "-" "Python/3.9 aiohttp/3.6.2"
2021-04-04 14:38:02 INFO iou_vm.py:902 IOU "S4" [d052f734-2056-414e-9c53-83651066bc08]: NIO UDP added to 2/2
2021-04-04 14:38:02 INFO web_log.py:233 127.0.0.1 [04/Apr/2021:09:38:02 +0000] "POST /v2/compute/projects/e05c6821-0545-4bce-a6a3-b55c1a5a96d5/iou/nodes/d052f734-2056-414e-9c53-83651066bc08/adapters/2/ports/2/nio HTTP/1.1" 201 377 "-" "Python/3.9 aiohttp/3.6.2"
2021-04-04 14:38:02 INFO web_log.py:233 ::1 [04/Apr/2021:09:38:02 +0000] "POST /v2/compute/projects/e05c6821-0545-4bce-a6a3-b55c1a5a96d5/ports/udp HTTP/1.1" 201 243 "-" "Python/3.9 aiohttp/3.6.2"
2021-04-04 14:38:02 INFO web_log.py:233 127.0.0.1 [04/Apr/2021:09:38:02 +0000] "POST /v2/compute/projects/e05c6821-0545-4bce-a6a3-b55c1a5a96d5/ports/udp HTTP/1.1" 201 243 "-" "Python/3.9 aiohttp/3.6.2"
2021-04-04 14:38:02 INFO iou_vm.py:902 IOU "R9" [ee6571f4-4541-4636-8731-49ddad48ff15]: NIO UDP added to 3/0
2021-04-04 14:38:02 INFO web_log.py:233 ::1 [04/Apr/2021:09:38:02 +0000] "POST /v2/compute/projects/e05c6821-0545-4bce-a6a3-b55c1a5a96d5/iou/nodes/ee6571f4-4541-4636-8731-49ddad48ff15/adapters/3/ports/0/nio HTTP/1.1" 201 377 "-" "Python/3.9 aiohttp/3.6.2"
2021-04-04 14:38:02 INFO iou_vm.py:902 IOU "R3" [878001c2-45d2-4e30-b543-8d3fc647f448]: NIO UDP added to 3/1
2021-04-04 14:38:02 INFO web_log.py:233 127.0.0.1 [04/Apr/2021:09:38:02 +0000] "POST /v2/compute/projects/e05c6821-0545-4bce-a6a3-b55c1a5a96d5/iou/nodes/878001c2-45d2-4e30-b543-8d3fc647f448/adapters/3/ports/1/nio HTTP/1.1" 201 377 "-" "Python/3.9 aiohttp/3.6.2"
2021-04-04 14:38:02 INFO web_log.py:233 ::1 [04/Apr/2021:09:38:02 +0000] "POST /v2/compute/projects/e05c6821-0545-4bce-a6a3-b55c1a5a96d5/ports/udp HTTP/1.1" 201 243 "-" "Python/3.9 aiohttp/3.6.2"
2021-04-04 14:38:02 INFO web_log.py:233 127.0.0.1 [04/Apr/2021:09:38:02 +0000] "POST /v2/compute/projects/e05c6821-0545-4bce-a6a3-b55c1a5a96d5/ports/udp HTTP/1.1" 201 243 "-" "Python/3.9 aiohttp/3.6.2"
2021-04-04 14:38:02 INFO iou_vm.py:902 IOU "R3" [878001c2-45d2-4e30-b543-8d3fc647f448]: NIO UDP added to 3/0
2021-04-04 14:38:02 INFO web_log.py:233 ::1 [04/Apr/2021:09:38:02 +0000] "POST /v2/compute/projects/e05c6821-0545-4bce-a6a3-b55c1a5a96d5/iou/nodes/878001c2-45d2-4e30-b543-8d3fc647f448/adapters/3/ports/0/nio HTTP/1.1" 201 377 "-" "Python/3.9 aiohttp/3.6.2"
2021-04-04 14:38:02 INFO iou_vm.py:902 IOU "R8" [ab5f2020-5669-4b9b-94a6-58d0568be87e]: NIO UDP added to 3/0
2021-04-04 14:38:02 INFO web_log.py:233 127.0.0.1 [04/Apr/2021:09:38:02 +0000] "POST /v2/compute/projects/e05c6821-0545-4bce-a6a3-b55c1a5a96d5/iou/nodes/ab5f2020-5669-4b9b-94a6-58d0568be87e/adapters/3/ports/0/nio HTTP/1.1" 201 377 "-" "Python/3.9 aiohttp/3.6.2"
2021-04-04 14:38:02 INFO web_log.py:233 ::1 [04/Apr/2021:09:38:02 +0000] "POST /v2/compute/projects/e05c6821-0545-4bce-a6a3-b55c1a5a96d5/ports/udp HTTP/1.1" 201 243 "-" "Python/3.9 aiohttp/3.6.2"
2021-04-04 14:38:02 INFO web_log.py:233 127.0.0.1 [04/Apr/2021:09:38:02 +0000] "POST /v2/compute/projects/e05c6821-0545-4bce-a6a3-b55c1a5a96d5/ports/udp HTTP/1.1" 201 243 "-" "Python/3.9 aiohttp/3.6.2"
2021-04-04 14:38:02 INFO iou_vm.py:902 IOU "R1" [8635ad9d-eae6-440c-a4f0-d64656a1ae69]: NIO UDP added to 0/1
2021-04-04 14:38:02 INFO web_log.py:233 ::1 [04/Apr/2021:09:38:02 +0000] "POST /v2/compute/projects/e05c6821-0545-4bce-a6a3-b55c1a5a96d5/iou/nodes/8635ad9d-eae6-440c-a4f0-d64656a1ae69/adapters/0/ports/1/nio HTTP/1.1" 201 377 "-" "Python/3.9 aiohttp/3.6.2"
2021-04-04 14:38:02 INFO iou_vm.py:902 IOU "S3" [346167f1-24d2-48f5-a534-042168a97298]: NIO UDP added to 0/0
2021-04-04 14:38:02 INFO web_log.py:233 127.0.0.1 [04/Apr/2021:09:38:02 +0000] "POST /v2/compute/projects/e05c6821-0545-4bce-a6a3-b55c1a5a96d5/iou/nodes/346167f1-24d2-48f5-a534-042168a97298/adapters/0/ports/0/nio HTTP/1.1" 201 377 "-" "Python/3.9 aiohttp/3.6.2"
2021-04-04 14:38:02 INFO web_log.py:233 ::1 [04/Apr/2021:09:38:02 +0000] "POST /v2/compute/projects/e05c6821-0545-4bce-a6a3-b55c1a5a96d5/ports/udp HTTP/1.1" 201 243 "-" "Python/3.9 aiohttp/3.6.2"
2021-04-04 14:38:02 INFO web_log.py:233 127.0.0.1 [04/Apr/2021:09:38:02 +0000] "POST /v2/compute/projects/e05c6821-0545-4bce-a6a3-b55c1a5a96d5/ports/udp HTTP/1.1" 201 243 "-" "Python/3.9 aiohttp/3.6.2"
2021-04-04 14:38:02 INFO iou_vm.py:902 IOU "R6" [f605becf-95a2-49a4-bfc4-bc1b6db5a810]: NIO UDP added to 0/0
2021-04-04 14:38:02 INFO web_log.py:233 ::1 [04/Apr/2021:09:38:02 +0000] "POST /v2/compute/projects/e05c6821-0545-4bce-a6a3-b55c1a5a96d5/iou/nodes/f605becf-95a2-49a4-bfc4-bc1b6db5a810/adapters/0/ports/0/nio HTTP/1.1" 201 377 "-" "Python/3.9 aiohttp/3.6.2"
2021-04-04 14:38:02 INFO iou_vm.py:902 IOU "S3" [346167f1-24d2-48f5-a534-042168a97298]: NIO UDP added to 0/1
2021-04-04 14:38:02 INFO web_log.py:233 127.0.0.1 [04/Apr/2021:09:38:02 +0000] "POST /v2/compute/projects/e05c6821-0545-4bce-a6a3-b55c1a5a96d5/iou/nodes/346167f1-24d2-48f5-a534-042168a97298/adapters/0/ports/1/nio HTTP/1.1" 201 377 "-" "Python/3.9 aiohttp/3.6.2"
2021-04-04 14:38:02 INFO web_log.py:233 ::1 [04/Apr/2021:09:38:02 +0000] "POST /v2/compute/projects/e05c6821-0545-4bce-a6a3-b55c1a5a96d5/ports/udp HTTP/1.1" 201 243 "-" "Python/3.9 aiohttp/3.6.2"
2021-04-04 14:38:02 INFO web_log.py:233 127.0.0.1 [04/Apr/2021:09:38:02 +0000] "POST /v2/compute/projects/e05c6821-0545-4bce-a6a3-b55c1a5a96d5/ports/udp HTTP/1.1" 201 243 "-" "Python/3.9 aiohttp/3.6.2"
2021-04-04 14:38:02 INFO iou_vm.py:902 IOU "R7" [d3e2ffcc-bdcb-4fdc-a32b-4f0a5f6e9a7a]: NIO UDP added to 0/2
2021-04-04 14:38:02 INFO web_log.py:233 ::1 [04/Apr/2021:09:38:02 +0000] "POST /v2/compute/projects/e05c6821-0545-4bce-a6a3-b55c1a5a96d5/iou/nodes/d3e2ffcc-bdcb-4fdc-a32b-4f0a5f6e9a7a/adapters/0/ports/2/nio HTTP/1.1" 201 377 "-" "Python/3.9 aiohttp/3.6.2"
2021-04-04 14:38:02 INFO iou_vm.py:902 IOU "S3" [346167f1-24d2-48f5-a534-042168a97298]: NIO UDP added to 0/2
2021-04-04 14:38:02 INFO web_log.py:233 127.0.0.1 [04/Apr/2021:09:38:02 +0000] "POST /v2/compute/projects/e05c6821-0545-4bce-a6a3-b55c1a5a96d5/iou/nodes/346167f1-24d2-48f5-a534-042168a97298/adapters/0/ports/2/nio HTTP/1.1" 201 377 "-" "Python/3.9 aiohttp/3.6.2"
2021-04-04 14:38:02 INFO web_log.py:233 ::1 [04/Apr/2021:09:38:02 +0000] "POST /v2/compute/projects/e05c6821-0545-4bce-a6a3-b55c1a5a96d5/ports/udp HTTP/1.1" 201 243 "-" "Python/3.9 aiohttp/3.6.2"
2021-04-04 14:38:02 INFO web_log.py:233 127.0.0.1 [04/Apr/2021:09:38:02 +0000] "POST /v2/compute/projects/e05c6821-0545-4bce-a6a3-b55c1a5a96d5/ports/udp HTTP/1.1" 201 243 "-" "Python/3.9 aiohttp/3.6.2"
2021-04-04 14:38:02 INFO iou_vm.py:902 IOU "R10" [4067ee7d-0fdc-4231-8c72-458e0f7d15ea]: NIO UDP added to 0/0
2021-04-04 14:38:02 INFO web_log.py:233 ::1 [04/Apr/2021:09:38:02 +0000] "POST /v2/compute/projects/e05c6821-0545-4bce-a6a3-b55c1a5a96d5/iou/nodes/4067ee7d-0fdc-4231-8c72-458e0f7d15ea/adapters/0/ports/0/nio HTTP/1.1" 201 377 "-" "Python/3.9 aiohttp/3.6.2"
2021-04-04 14:38:02 INFO iou_vm.py:902 IOU "S5" [edca6f9e-84f2-4bdb-bc57-029d114caf05]: NIO UDP added to 0/0
2021-04-04 14:38:02 INFO web_log.py:233 127.0.0.1 [04/Apr/2021:09:38:02 +0000] "POST /v2/compute/projects/e05c6821-0545-4bce-a6a3-b55c1a5a96d5/iou/nodes/edca6f9e-84f2-4bdb-bc57-029d114caf05/adapters/0/ports/0/nio HTTP/1.1" 201 377 "-" "Python/3.9 aiohttp/3.6.2"
2021-04-04 14:38:02 INFO web_log.py:233 ::1 [04/Apr/2021:09:38:02 +0000] "POST /v2/compute/projects/e05c6821-0545-4bce-a6a3-b55c1a5a96d5/ports/udp HTTP/1.1" 201 243 "-" "Python/3.9 aiohttp/3.6.2"
2021-04-04 14:38:02 INFO web_log.py:233 127.0.0.1 [04/Apr/2021:09:38:02 +0000] "POST /v2/compute/projects/e05c6821-0545-4bce-a6a3-b55c1a5a96d5/ports/udp HTTP/1.1" 201 243 "-" "Python/3.9 aiohttp/3.6.2"
2021-04-04 14:38:02 INFO iou_vm.py:902 IOU "S5" [edca6f9e-84f2-4bdb-bc57-029d114caf05]: NIO UDP added to 0/1
2021-04-04 14:38:02 INFO web_log.py:233 ::1 [04/Apr/2021:09:38:02 +0000] "POST /v2/compute/projects/e05c6821-0545-4bce-a6a3-b55c1a5a96d5/iou/nodes/edca6f9e-84f2-4bdb-bc57-029d114caf05/adapters/0/ports/1/nio HTTP/1.1" 201 377 "-" "Python/3.9 aiohttp/3.6.2"
2021-04-04 14:38:02 INFO iou_vm.py:902 IOU "R1" [8635ad9d-eae6-440c-a4f0-d64656a1ae69]: NIO UDP added to 0/2
2021-04-04 14:38:02 INFO web_log.py:233 127.0.0.1 [04/Apr/2021:09:38:02 +0000] "POST /v2/compute/projects/e05c6821-0545-4bce-a6a3-b55c1a5a96d5/iou/nodes/8635ad9d-eae6-440c-a4f0-d64656a1ae69/adapters/0/ports/2/nio HTTP/1.1" 201 377 "-" "Python/3.9 aiohttp/3.6.2"
2021-04-04 14:38:02 INFO web_log.py:233 ::1 [04/Apr/2021:09:38:02 +0000] "POST /v2/projects/e05c6821-0545-4bce-a6a3-b55c1a5a96d5/open HTTP/1.1" 201 741 "-" "GNS3 QT Client v2.2.19"
2021-04-04 14:38:02 INFO project_handler.py:271 New client has connected to the notification stream for project ID 'e05c6821-0545-4bce-a6a3-b55c1a5a96d5' (WebSocket method)
2021-04-04 14:38:02 INFO web_log.py:233 ::1 [04/Apr/2021:09:38:02 +0000] "GET /v2/projects/e05c6821-0545-4bce-a6a3-b55c1a5a96d5/nodes HTTP/1.1" 200 104618 "-" "GNS3 QT Client v2.2.19"
2021-04-04 14:38:03 INFO web_log.py:233 ::1 [04/Apr/2021:09:38:03 +0000] "GET /v2/projects/e05c6821-0545-4bce-a6a3-b55c1a5a96d5/links HTTP/1.1" 200 18464 "-" "GNS3 QT Client v2.2.19"
2021-04-04 14:38:03 INFO web_log.py:233 ::1 [04/Apr/2021:09:38:03 +0000] "GET /v2/projects/e05c6821-0545-4bce-a6a3-b55c1a5a96d5/drawings HTTP/1.1" 200 205 "-" "GNS3 QT Client v2.2.19"
2021-04-04 14:38:10 INFO project_handler.py:280 Client has disconnected from notification stream for project ID 'e05c6821-0545-4bce-a6a3-b55c1a5a96d5' (WebSocket method)
2021-04-04 14:38:10 INFO project.py:78 Project 3ec6f463-385e-48cb-87da-3815cac79cc4 with path '/home/saad/GNS3/projects/untitled1' created
2021-04-04 14:38:10 INFO web_log.py:233 ::1 [04/Apr/2021:09:38:10 +0000] "POST /v2/compute/projects HTTP/1.1" 201 304 "-" "Python/3.9 aiohttp/3.6.2"
2021-04-04 14:38:10 INFO nat.py:51 NAT node 'NAT1' configured to use NAT interface 'virbr0'
2021-04-04 14:38:10 INFO base_node.py:655 Starting new uBridge hypervisor localhost:45627
2021-04-04 14:38:10 INFO hypervisor.py:169 starting ubridge: ['/sbin/ubridge', '-H', 'localhost:45627']
2021-04-04 14:38:10 INFO hypervisor.py:171 logging to /home/saad/GNS3/projects/untitled1/project-files/builtin/08389a54-4c37-42c8-8a7b-ce8960d1b5a8/ubridge.log
2021-04-04 14:38:10 INFO hypervisor.py:179 ubridge started PID=3491
2021-04-04 14:38:10 INFO base_node.py:658 Hypervisor localhost:45627 has successfully started
2021-04-04 14:38:10 INFO ubridge_hypervisor.py:83 Connected to uBridge hypervisor on localhost:45627 after 0.1030 seconds
2021-04-04 14:38:11 INFO cloud.py:215 Cloud "NAT1" [08389a54-4c37-42c8-8a7b-ce8960d1b5a8] has been created
2021-04-04 14:38:11 INFO web_log.py:233 127.0.0.1 [04/Apr/2021:09:38:10 +0000] "POST /v2/compute/projects/3ec6f463-385e-48cb-87da-3815cac79cc4/nat/nodes HTTP/1.1" 201 553 "-" "Python/3.9 aiohttp/3.6.2"
2021-04-04 14:38:11 INFO qemu_vm.py:220 QEMU VM "S1" [3e6e9bc0-a44c-46ce-aaf4-98f10c3260e1] has set the QEMU path to /bin/qemu-system-x86_64
2021-04-04 14:38:11 INFO qemu_vm.py:622 QEMU VM "S1" [3e6e9bc0-a44c-46ce-aaf4-98f10c3260e1]: MAC address changed to 0c:9c:c4:60:e1:00
2021-04-04 14:38:11 INFO qemu_vm.py:570 QEMU VM "S1" [3e6e9bc0-a44c-46ce-aaf4-98f10c3260e1]: number of Ethernet adapters changed to 1
2021-04-04 14:38:11 WARNING qemu_vm.py:138 Config disk: 'mtools' are not installed.
2021-04-04 14:38:11 INFO qemu_vm.py:147 QEMU VM "S1" [3e6e9bc0-a44c-46ce-aaf4-98f10c3260e1] has been created
2021-04-04 14:38:11 INFO base_node.py:282 Qemu: S1 [3e6e9bc0-a44c-46ce-aaf4-98f10c3260e1] created
2021-04-04 14:38:11 INFO qemu_vm.py:570 QEMU VM "S1" [3e6e9bc0-a44c-46ce-aaf4-98f10c3260e1]: number of Ethernet adapters changed to 16
2021-04-04 14:38:11 INFO qemu_vm.py:263 QEMU VM "S1" [3e6e9bc0-a44c-46ce-aaf4-98f10c3260e1] has set the QEMU hda_disk_image path to /home/saad/GNS3/images/QEMU/vios_l2-adventerprisek9-m.03.2017.qcow2
2021-04-04 14:38:11 INFO qemu_vm.py:367 QEMU VM "S1" [3e6e9bc0-a44c-46ce-aaf4-98f10c3260e1] has set the QEMU hda disk interface to ide
2021-04-04 14:38:11 INFO qemu_vm.py:390 QEMU VM "S1" [3e6e9bc0-a44c-46ce-aaf4-98f10c3260e1] has set the QEMU hdb disk interface to ide
2021-04-04 14:38:11 INFO qemu_vm.py:413 QEMU VM "S1" [3e6e9bc0-a44c-46ce-aaf4-98f10c3260e1] has set the QEMU hdc disk interface to ide
2021-04-04 14:38:11 INFO qemu_vm.py:436 QEMU VM "S1" [3e6e9bc0-a44c-46ce-aaf4-98f10c3260e1] has set the QEMU hdd disk interface to ide
2021-04-04 14:38:11 INFO qemu_vm.py:763 QEMU VM "S1" [3e6e9bc0-a44c-46ce-aaf4-98f10c3260e1] has set the process priority to normal
2021-04-04 14:38:11 INFO qemu_vm.py:786 QEMU VM "S1" [3e6e9bc0-a44c-46ce-aaf4-98f10c3260e1] has set the RAM to 768
2021-04-04 14:38:11 INFO web_log.py:233 ::1 [04/Apr/2021:09:38:11 +0000] "POST /v2/compute/projects/3ec6f463-385e-48cb-87da-3815cac79cc4/qemu/nodes HTTP/1.1" 201 1709 "-" "Python/3.9 aiohttp/3.6.2"
2021-04-04 14:38:11 INFO web_log.py:233 127.0.0.1 [04/Apr/2021:09:38:11 +0000] "POST /v2/compute/projects/3ec6f463-385e-48cb-87da-3815cac79cc4/ports/udp HTTP/1.1" 201 243 "-" "Python/3.9 aiohttp/3.6.2"
2021-04-04 14:38:11 INFO web_log.py:233 ::1 [04/Apr/2021:09:38:11 +0000] "POST /v2/compute/projects/3ec6f463-385e-48cb-87da-3815cac79cc4/ports/udp HTTP/1.1" 201 243 "-" "Python/3.9 aiohttp/3.6.2"
2021-04-04 14:38:11 INFO qemu_vm.py:1390 QEMU VM "S1" [3e6e9bc0-a44c-46ce-aaf4-98f10c3260e1]: NIO UDP added to adapter 0
2021-04-04 14:38:11 INFO web_log.py:233 127.0.0.1 [04/Apr/2021:09:38:11 +0000] "POST /v2/compute/projects/3ec6f463-385e-48cb-87da-3815cac79cc4/qemu/nodes/3e6e9bc0-a44c-46ce-aaf4-98f10c3260e1/adapters/0/ports/0/nio HTTP/1.1" 201 378 "-" "Python/3.9 aiohttp/3.6.2"
2021-04-04 14:38:11 INFO cloud.py:396 Cloud "NAT1" [08389a54-4c37-42c8-8a7b-ce8960d1b5a8]: NIO NIO UDP bound to port 0
2021-04-04 14:38:11 INFO web_log.py:233 ::1 [04/Apr/2021:09:38:11 +0000] "POST /v2/compute/projects/3ec6f463-385e-48cb-87da-3815cac79cc4/nat/nodes/08389a54-4c37-42c8-8a7b-ce8960d1b5a8/adapters/0/ports/0/nio HTTP/1.1" 201 377 "-" "Python/3.9 aiohttp/3.6.2"
2021-04-04 14:38:11 INFO web_log.py:233 ::1 [04/Apr/2021:09:38:10 +0000] "POST /v2/projects/load HTTP/1.1" 201 732 "-" "GNS3 QT Client v2.2.19"
2021-04-04 14:38:11 INFO project_handler.py:271 New client has connected to the notification stream for project ID '3ec6f463-385e-48cb-87da-3815cac79cc4' (WebSocket method)
2021-04-04 14:38:11 INFO web_log.py:233 ::1 [04/Apr/2021:09:38:11 +0000] "GET /v2/projects/3ec6f463-385e-48cb-87da-3815cac79cc4/nodes HTTP/1.1" 200 11027 "-" "GNS3 QT Client v2.2.19"
2021-04-04 14:38:11 INFO web_log.py:233 ::1 [04/Apr/2021:09:38:11 +0000] "GET /v2/projects/3ec6f463-385e-48cb-87da-3815cac79cc4/links HTTP/1.1" 200 1508 "-" "GNS3 QT Client v2.2.19"
2021-04-04 14:38:11 INFO web_log.py:233 ::1 [04/Apr/2021:09:38:11 +0000] "GET /v2/projects/3ec6f463-385e-48cb-87da-3815cac79cc4/drawings HTTP/1.1" 200 205 "-" "GNS3 QT Client v2.2.19"
2021-04-04 14:38:11 INFO web_log.py:233 ::1 [04/Apr/2021:09:38:11 +0000] "GET /v2/computes HTTP/1.1" 200 1023 "-" "GNS3 QT Client v2.2.19"
2021-04-04 14:38:15 INFO project_handler.py:289 Project 'e05c6821-0545-4bce-a6a3-b55c1a5a96d5' is automatically closing due to no client listening
2021-04-04 14:38:15 INFO iou_vm.py:1268 saving startup-config to /home/saad/GNS3/projects/untitled/project-files/iou/ae4d8572-6df2-4b5a-b039-bec32facfec0/startup-config.cfg
2021-04-04 14:38:15 INFO iou_vm.py:1268 saving startup-config to /home/saad/GNS3/projects/untitled/project-files/iou/041f9ab4-b46b-4e9d-9396-1d1aebf3f785/startup-config.cfg
2021-04-04 14:38:15 INFO iou_vm.py:1268 saving startup-config to /home/saad/GNS3/projects/untitled/project-files/iou/8635ad9d-eae6-440c-a4f0-d64656a1ae69/startup-config.cfg
2021-04-04 14:38:15 INFO web_log.py:233 127.0.0.1 [04/Apr/2021:09:38:15 +0000] "POST /v2/compute/projects/e05c6821-0545-4bce-a6a3-b55c1a5a96d5/iou/nodes/ae4d8572-6df2-4b5a-b039-bec32facfec0/stop HTTP/1.1" 204 243 "-" "Python/3.9 aiohttp/3.6.2"
2021-04-04 14:38:15 INFO web_log.py:233 ::1 [04/Apr/2021:09:38:15 +0000] "POST /v2/compute/projects/e05c6821-0545-4bce-a6a3-b55c1a5a96d5/iou/nodes/041f9ab4-b46b-4e9d-9396-1d1aebf3f785/stop HTTP/1.1" 204 243 "-" "Python/3.9 aiohttp/3.6.2"
2021-04-04 14:38:15 INFO web_log.py:233 127.0.0.1 [04/Apr/2021:09:38:15 +0000] "POST /v2/compute/projects/e05c6821-0545-4bce-a6a3-b55c1a5a96d5/iou/nodes/8635ad9d-eae6-440c-a4f0-d64656a1ae69/stop HTTP/1.1" 204 243 "-" "Python/3.9 aiohttp/3.6.2"
2021-04-04 14:38:15 INFO iou_vm.py:1268 saving startup-config to /home/saad/GNS3/projects/untitled/project-files/iou/bd229dd8-8817-459d-a431-131966502836/startup-config.cfg
2021-04-04 14:38:15 INFO iou_vm.py:1268 saving startup-config to /home/saad/GNS3/projects/untitled/project-files/iou/1a737280-33e6-47eb-bd49-f6d567e411a5/startup-config.cfg
2021-04-04 14:38:15 INFO iou_vm.py:1268 saving startup-config to /home/saad/GNS3/projects/untitled/project-files/iou/878001c2-45d2-4e30-b543-8d3fc647f448/startup-config.cfg
2021-04-04 14:38:15 INFO web_log.py:233 ::1 [04/Apr/2021:09:38:15 +0000] "POST /v2/compute/projects/e05c6821-0545-4bce-a6a3-b55c1a5a96d5/iou/nodes/bd229dd8-8817-459d-a431-131966502836/stop HTTP/1.1" 204 243 "-" "Python/3.9 aiohttp/3.6.2"
2021-04-04 14:38:15 INFO web_log.py:233 127.0.0.1 [04/Apr/2021:09:38:15 +0000] "POST /v2/compute/projects/e05c6821-0545-4bce-a6a3-b55c1a5a96d5/iou/nodes/1a737280-33e6-47eb-bd49-f6d567e411a5/stop HTTP/1.1" 204 243 "-" "Python/3.9 aiohttp/3.6.2"
2021-04-04 14:38:15 INFO web_log.py:233 ::1 [04/Apr/2021:09:38:15 +0000] "POST /v2/compute/projects/e05c6821-0545-4bce-a6a3-b55c1a5a96d5/iou/nodes/878001c2-45d2-4e30-b543-8d3fc647f448/stop HTTP/1.1" 204 243 "-" "Python/3.9 aiohttp/3.6.2"
2021-04-04 14:38:15 INFO iou_vm.py:1268 saving startup-config to /home/saad/GNS3/projects/untitled/project-files/iou/85e7f816-5ab9-4e48-9b1b-a4ac61ce7b79/startup-config.cfg
2021-04-04 14:38:15 INFO iou_vm.py:1268 saving startup-config to /home/saad/GNS3/projects/untitled/project-files/iou/f605becf-95a2-49a4-bfc4-bc1b6db5a810/startup-config.cfg
2021-04-04 14:38:15 INFO iou_vm.py:1268 saving startup-config to /home/saad/GNS3/projects/untitled/project-files/iou/d3e2ffcc-bdcb-4fdc-a32b-4f0a5f6e9a7a/startup-config.cfg
2021-04-04 14:38:15 INFO web_log.py:233 127.0.0.1 [04/Apr/2021:09:38:15 +0000] "POST /v2/compute/projects/e05c6821-0545-4bce-a6a3-b55c1a5a96d5/iou/nodes/85e7f816-5ab9-4e48-9b1b-a4ac61ce7b79/stop HTTP/1.1" 204 243 "-" "Python/3.9 aiohttp/3.6.2"
2021-04-04 14:38:15 INFO web_log.py:233 ::1 [04/Apr/2021:09:38:15 +0000] "POST /v2/compute/projects/e05c6821-0545-4bce-a6a3-b55c1a5a96d5/iou/nodes/f605becf-95a2-49a4-bfc4-bc1b6db5a810/stop HTTP/1.1" 204 243 "-" "Python/3.9 aiohttp/3.6.2"
2021-04-04 14:38:15 INFO web_log.py:233 127.0.0.1 [04/Apr/2021:09:38:15 +0000] "POST /v2/compute/projects/e05c6821-0545-4bce-a6a3-b55c1a5a96d5/iou/nodes/d3e2ffcc-bdcb-4fdc-a32b-4f0a5f6e9a7a/stop HTTP/1.1" 204 243 "-" "Python/3.9 aiohttp/3.6.2"
2021-04-04 14:38:15 INFO iou_vm.py:1268 saving startup-config to /home/saad/GNS3/projects/untitled/project-files/iou/ee6571f4-4541-4636-8731-49ddad48ff15/startup-config.cfg
2021-04-04 14:38:15 INFO iou_vm.py:1268 saving startup-config to /home/saad/GNS3/projects/untitled/project-files/iou/ab5f2020-5669-4b9b-94a6-58d0568be87e/startup-config.cfg
2021-04-04 14:38:15 INFO iou_vm.py:1268 saving startup-config to /home/saad/GNS3/projects/untitled/project-files/iou/346167f1-24d2-48f5-a534-042168a97298/startup-config.cfg
2021-04-04 14:38:15 INFO web_log.py:233 ::1 [04/Apr/2021:09:38:15 +0000] "POST /v2/compute/projects/e05c6821-0545-4bce-a6a3-b55c1a5a96d5/iou/nodes/ee6571f4-4541-4636-8731-49ddad48ff15/stop HTTP/1.1" 204 243 "-" "Python/3.9 aiohttp/3.6.2"
2021-04-04 14:38:15 INFO web_log.py:233 127.0.0.1 [04/Apr/2021:09:38:15 +0000] "POST /v2/compute/projects/e05c6821-0545-4bce-a6a3-b55c1a5a96d5/iou/nodes/ab5f2020-5669-4b9b-94a6-58d0568be87e/stop HTTP/1.1" 204 243 "-" "Python/3.9 aiohttp/3.6.2"
2021-04-04 14:38:15 INFO web_log.py:233 ::1 [04/Apr/2021:09:38:15 +0000] "POST /v2/compute/projects/e05c6821-0545-4bce-a6a3-b55c1a5a96d5/iou/nodes/346167f1-24d2-48f5-a534-042168a97298/stop HTTP/1.1" 204 243 "-" "Python/3.9 aiohttp/3.6.2"
2021-04-04 14:38:15 INFO iou_vm.py:1268 saving startup-config to /home/saad/GNS3/projects/untitled/project-files/iou/4067ee7d-0fdc-4231-8c72-458e0f7d15ea/startup-config.cfg
2021-04-04 14:38:15 INFO iou_vm.py:1268 saving startup-config to /home/saad/GNS3/projects/untitled/project-files/iou/d052f734-2056-414e-9c53-83651066bc08/startup-config.cfg
2021-04-04 14:38:15 INFO iou_vm.py:1268 saving startup-config to /home/saad/GNS3/projects/untitled/project-files/iou/edca6f9e-84f2-4bdb-bc57-029d114caf05/startup-config.cfg
2021-04-04 14:38:15 INFO web_log.py:233 127.0.0.1 [04/Apr/2021:09:38:15 +0000] "POST /v2/compute/projects/e05c6821-0545-4bce-a6a3-b55c1a5a96d5/iou/nodes/4067ee7d-0fdc-4231-8c72-458e0f7d15ea/stop HTTP/1.1" 204 243 "-" "Python/3.9 aiohttp/3.6.2"
2021-04-04 14:38:15 INFO web_log.py:233 ::1 [04/Apr/2021:09:38:15 +0000] "POST /v2/compute/projects/e05c6821-0545-4bce-a6a3-b55c1a5a96d5/iou/nodes/d052f734-2056-414e-9c53-83651066bc08/stop HTTP/1.1" 204 243 "-" "Python/3.9 aiohttp/3.6.2"
2021-04-04 14:38:15 INFO web_log.py:233 127.0.0.1 [04/Apr/2021:09:38:15 +0000] "POST /v2/compute/projects/e05c6821-0545-4bce-a6a3-b55c1a5a96d5/iou/nodes/edca6f9e-84f2-4bdb-bc57-029d114caf05/stop HTTP/1.1" 204 243 "-" "Python/3.9 aiohttp/3.6.2"
2021-04-04 14:38:15 INFO base_node.py:331 IOU: 'R9' [ee6571f4-4541-4636-8731-49ddad48ff15]: is closing
2021-04-04 14:38:15 INFO iou_vm.py:1268 saving startup-config to /home/saad/GNS3/projects/untitled/project-files/iou/ee6571f4-4541-4636-8731-49ddad48ff15/startup-config.cfg
2021-04-04 14:38:15 INFO base_node.py:331 IOU: 'S1' [ae4d8572-6df2-4b5a-b039-bec32facfec0]: is closing
2021-04-04 14:38:15 INFO iou_vm.py:1268 saving startup-config to /home/saad/GNS3/projects/untitled/project-files/iou/ae4d8572-6df2-4b5a-b039-bec32facfec0/startup-config.cfg
2021-04-04 14:38:15 INFO base_node.py:331 IOU: 'R5' [1a737280-33e6-47eb-bd49-f6d567e411a5]: is closing
2021-04-04 14:38:15 INFO iou_vm.py:1268 saving startup-config to /home/saad/GNS3/projects/untitled/project-files/iou/1a737280-33e6-47eb-bd49-f6d567e411a5/startup-config.cfg
2021-04-04 14:38:15 INFO base_node.py:331 IOU: 'S5' [edca6f9e-84f2-4bdb-bc57-029d114caf05]: is closing
2021-04-04 14:38:15 INFO iou_vm.py:1268 saving startup-config to /home/saad/GNS3/projects/untitled/project-files/iou/edca6f9e-84f2-4bdb-bc57-029d114caf05/startup-config.cfg
2021-04-04 14:38:15 INFO base_node.py:331 IOU: 'R2' [041f9ab4-b46b-4e9d-9396-1d1aebf3f785]: is closing
2021-04-04 14:38:15 INFO iou_vm.py:1268 saving startup-config to /home/saad/GNS3/projects/untitled/project-files/iou/041f9ab4-b46b-4e9d-9396-1d1aebf3f785/startup-config.cfg
2021-04-04 14:38:15 INFO base_node.py:331 IOU: 'S4' [d052f734-2056-414e-9c53-83651066bc08]: is closing
2021-04-04 14:38:15 INFO iou_vm.py:1268 saving startup-config to /home/saad/GNS3/projects/untitled/project-files/iou/d052f734-2056-414e-9c53-83651066bc08/startup-config.cfg
2021-04-04 14:38:15 INFO base_node.py:331 IOU: 'R7' [d3e2ffcc-bdcb-4fdc-a32b-4f0a5f6e9a7a]: is closing
2021-04-04 14:38:15 INFO iou_vm.py:1268 saving startup-config to /home/saad/GNS3/projects/untitled/project-files/iou/d3e2ffcc-bdcb-4fdc-a32b-4f0a5f6e9a7a/startup-config.cfg
2021-04-04 14:38:15 INFO base_node.py:331 IOU: 'S3' [346167f1-24d2-48f5-a534-042168a97298]: is closing
2021-04-04 14:38:15 INFO iou_vm.py:1268 saving startup-config to /home/saad/GNS3/projects/untitled/project-files/iou/346167f1-24d2-48f5-a534-042168a97298/startup-config.cfg
2021-04-04 14:38:15 INFO base_node.py:331 IOU: 'R4' [bd229dd8-8817-459d-a431-131966502836]: is closing
2021-04-04 14:38:15 INFO iou_vm.py:1268 saving startup-config to /home/saad/GNS3/projects/untitled/project-files/iou/bd229dd8-8817-459d-a431-131966502836/startup-config.cfg
2021-04-04 14:38:15 INFO base_node.py:331 IOU: 'R1' [8635ad9d-eae6-440c-a4f0-d64656a1ae69]: is closing
2021-04-04 14:38:15 INFO iou_vm.py:1268 saving startup-config to /home/saad/GNS3/projects/untitled/project-files/iou/8635ad9d-eae6-440c-a4f0-d64656a1ae69/startup-config.cfg
2021-04-04 14:38:15 INFO base_node.py:331 IOU: 'R8' [ab5f2020-5669-4b9b-94a6-58d0568be87e]: is closing
2021-04-04 14:38:15 INFO iou_vm.py:1268 saving startup-config to /home/saad/GNS3/projects/untitled/project-files/iou/ab5f2020-5669-4b9b-94a6-58d0568be87e/startup-config.cfg
2021-04-04 14:38:15 INFO base_node.py:331 IOU: 'R10' [4067ee7d-0fdc-4231-8c72-458e0f7d15ea]: is closing
2021-04-04 14:38:15 INFO iou_vm.py:1268 saving startup-config to /home/saad/GNS3/projects/untitled/project-files/iou/4067ee7d-0fdc-4231-8c72-458e0f7d15ea/startup-config.cfg
2021-04-04 14:38:15 INFO base_node.py:331 IOU: 'R6' [f605becf-95a2-49a4-bfc4-bc1b6db5a810]: is closing
2021-04-04 14:38:15 INFO iou_vm.py:1268 saving startup-config to /home/saad/GNS3/projects/untitled/project-files/iou/f605becf-95a2-49a4-bfc4-bc1b6db5a810/startup-config.cfg
2021-04-04 14:38:15 INFO base_node.py:331 IOU: 'R3' [878001c2-45d2-4e30-b543-8d3fc647f448]: is closing
2021-04-04 14:38:15 INFO iou_vm.py:1268 saving startup-config to /home/saad/GNS3/projects/untitled/project-files/iou/878001c2-45d2-4e30-b543-8d3fc647f448/startup-config.cfg
2021-04-04 14:38:15 INFO base_node.py:331 IOU: 'S2' [85e7f816-5ab9-4e48-9b1b-a4ac61ce7b79]: is closing
2021-04-04 14:38:15 INFO iou_vm.py:1268 saving startup-config to /home/saad/GNS3/projects/untitled/project-files/iou/85e7f816-5ab9-4e48-9b1b-a4ac61ce7b79/startup-config.cfg
2021-04-04 14:38:15 INFO project.py:361 Project e05c6821-0545-4bce-a6a3-b55c1a5a96d5 with path '/home/saad/GNS3/projects/untitled' closed
2021-04-04 14:38:15 INFO web_log.py:233 ::1 [04/Apr/2021:09:38:15 +0000] "POST /v2/compute/projects/e05c6821-0545-4bce-a6a3-b55c1a5a96d5/close HTTP/1.1" 204 224 "-" "Python/3.9 aiohttp/3.6.2"
2021-04-04 14:38:21 INFO project_handler.py:280 Client has disconnected from notification stream for project ID '3ec6f463-385e-48cb-87da-3815cac79cc4' (WebSocket method)
2021-04-04 14:38:21 INFO project.py:78 Project 2a56fee1-bb43-4cda-a5f5-1ab3c90677e4 with path '/home/saad/GNS3/projects/lab_for_programming' created
2021-04-04 14:38:21 INFO web_log.py:233 ::1 [04/Apr/2021:09:38:21 +0000] "POST /v2/compute/projects HTTP/1.1" 201 314 "-" "Python/3.9 aiohttp/3.6.2"
2021-04-04 14:38:21 INFO iou_vm.py:73 IOU "R1" [526b3262-a87e-4f9b-ad6e-30c40ecdf14c]: assigned with application ID 1
2021-04-04 14:38:21 INFO iou_vm.py:848 IOU "R1" [526b3262-a87e-4f9b-ad6e-30c40ecdf14c]: number of Ethernet adapters changed to 2
2021-04-04 14:38:21 INFO iou_vm.py:876 IOU "R1" [526b3262-a87e-4f9b-ad6e-30c40ecdf14c]: number of Serial adapters changed to 2
2021-04-04 14:38:21 INFO iou_vm.py:316 IOU "R1" [526b3262-a87e-4f9b-ad6e-30c40ecdf14c]: NVRAM updated from 128KB to 64KB
2021-04-04 14:38:21 INFO iou_vm.py:848 IOU "R1" [526b3262-a87e-4f9b-ad6e-30c40ecdf14c]: number of Ethernet adapters changed to 3
2021-04-04 14:38:21 INFO iou_vm.py:145 IOU "R1" [526b3262-a87e-4f9b-ad6e-30c40ecdf14c]: IOU image updated to "/home/saad/GNS3/images/IOU/i86bi-linux-l3-adventerprisek9-ms.155-2.T.bin"
2021-04-04 14:38:21 INFO iou_vm.py:876 IOU "R1" [526b3262-a87e-4f9b-ad6e-30c40ecdf14c]: number of Serial adapters changed to 1
2021-04-04 14:38:21 INFO base_node.py:542 IOU: 'R1' [526b3262-a87e-4f9b-ad6e-30c40ecdf14c]: console port set to 5000
2021-04-04 14:38:21 INFO web_log.py:233 127.0.0.1 [04/Apr/2021:09:38:21 +0000] "POST /v2/compute/projects/2a56fee1-bb43-4cda-a5f5-1ab3c90677e4/iou/nodes HTTP/1.1" 201 881 "-" "Python/3.9 aiohttp/3.6.2"
2021-04-04 14:38:21 INFO iou_vm.py:73 IOU "S1" [c627637e-2cf0-4ca2-828d-53d39361b357]: assigned with application ID 2
2021-04-04 14:38:21 INFO iou_vm.py:848 IOU "S1" [c627637e-2cf0-4ca2-828d-53d39361b357]: number of Ethernet adapters changed to 2
2021-04-04 14:38:21 INFO iou_vm.py:876 IOU "S1" [c627637e-2cf0-4ca2-828d-53d39361b357]: number of Serial adapters changed to 2
2021-04-04 14:38:21 INFO iou_vm.py:316 IOU "S1" [c627637e-2cf0-4ca2-828d-53d39361b357]: NVRAM updated from 128KB to 16KB
2021-04-04 14:38:21 INFO iou_vm.py:848 IOU "S1" [c627637e-2cf0-4ca2-828d-53d39361b357]: number of Ethernet adapters changed to 4
2021-04-04 14:38:21 INFO iou_vm.py:145 IOU "S1" [c627637e-2cf0-4ca2-828d-53d39361b357]: IOU image updated to "/home/saad/GNS3/images/IOU/i86bi-linux-l2-adventerprisek9-15.1a.bin"
2021-04-04 14:38:21 INFO iou_vm.py:876 IOU "S1" [c627637e-2cf0-4ca2-828d-53d39361b357]: number of Serial adapters changed to 0
2021-04-04 14:38:21 INFO base_node.py:542 IOU: 'S1' [c627637e-2cf0-4ca2-828d-53d39361b357]: console port set to 5001
2021-04-04 14:38:21 INFO web_log.py:233 ::1 [04/Apr/2021:09:38:21 +0000] "POST /v2/compute/projects/2a56fee1-bb43-4cda-a5f5-1ab3c90677e4/iou/nodes HTTP/1.1" 201 876 "-" "Python/3.9 aiohttp/3.6.2"
2021-04-04 14:38:21 INFO docker_vm.py:1058 Docker container "debian-1" [12019ce8-f8ff-4a54-b226-3fc9f4b4b4c2]: number of Ethernet adapters changed to 1
2021-04-04 14:38:21 INFO docker_vm.py:406 Docker container 'debian-1' [12019ce8-f8ff-4a54-b226-3fc9f4b4b4c2] created
2021-04-04 14:38:21 INFO base_node.py:498 Docker: 'debian-1' [12019ce8-f8ff-4a54-b226-3fc9f4b4b4c2]: aux port set to 5003
2021-04-04 14:38:21 INFO base_node.py:542 Docker: 'debian-1' [12019ce8-f8ff-4a54-b226-3fc9f4b4b4c2]: console port set to 5002
2021-04-04 14:38:21 INFO web_log.py:233 127.0.0.1 [04/Apr/2021:09:38:21 +0000] "POST /v2/compute/projects/2a56fee1-bb43-4cda-a5f5-1ab3c90677e4/docker/nodes HTTP/1.1" 201 935 "-" "Python/3.9 aiohttp/3.6.2"
2021-04-04 14:38:21 INFO nat.py:51 NAT node 'NAT1' configured to use NAT interface 'virbr0'
2021-04-04 14:38:21 INFO base_node.py:655 Starting new uBridge hypervisor localhost:45229
2021-04-04 14:38:21 INFO hypervisor.py:169 starting ubridge: ['/sbin/ubridge', '-H', 'localhost:45229']
2021-04-04 14:38:21 INFO hypervisor.py:171 logging to /home/saad/GNS3/projects/lab_for_programming/project-files/builtin/ca859fb8-59bf-4a2a-abd1-6b3d3157defb/ubridge.log
2021-04-04 14:38:21 INFO hypervisor.py:179 ubridge started PID=3590
2021-04-04 14:38:21 INFO base_node.py:658 Hypervisor localhost:45229 has successfully started
2021-04-04 14:38:21 INFO ubridge_hypervisor.py:83 Connected to uBridge hypervisor on localhost:45229 after 0.1029 seconds
2021-04-04 14:38:21 INFO cloud.py:215 Cloud "NAT1" [ca859fb8-59bf-4a2a-abd1-6b3d3157defb] has been created
2021-04-04 14:38:21 INFO web_log.py:233 ::1 [04/Apr/2021:09:38:21 +0000] "POST /v2/compute/projects/2a56fee1-bb43-4cda-a5f5-1ab3c90677e4/nat/nodes HTTP/1.1" 201 553 "-" "Python/3.9 aiohttp/3.6.2"
2021-04-04 14:38:21 INFO web_log.py:233 127.0.0.1 [04/Apr/2021:09:38:21 +0000] "POST /v2/compute/projects/2a56fee1-bb43-4cda-a5f5-1ab3c90677e4/ports/udp HTTP/1.1" 201 243 "-" "Python/3.9 aiohttp/3.6.2"
2021-04-04 14:38:21 INFO web_log.py:233 ::1 [04/Apr/2021:09:38:21 +0000] "POST /v2/compute/projects/2a56fee1-bb43-4cda-a5f5-1ab3c90677e4/ports/udp HTTP/1.1" 201 243 "-" "Python/3.9 aiohttp/3.6.2"
2021-04-04 14:38:21 INFO docker_vm.py:960 Docker container 'debian-1' [12019ce8-f8ff-4a54-b226-3fc9f4b4b4c2]: NIO UDP added to adapter 0
2021-04-04 14:38:21 INFO web_log.py:233 127.0.0.1 [04/Apr/2021:09:38:21 +0000] "POST /v2/compute/projects/2a56fee1-bb43-4cda-a5f5-1ab3c90677e4/docker/nodes/12019ce8-f8ff-4a54-b226-3fc9f4b4b4c2/adapters/0/ports/0/nio HTTP/1.1" 201 380 "-" "Python/3.9 aiohttp/3.6.2"
2021-04-04 14:38:21 INFO iou_vm.py:902 IOU "S1" [c627637e-2cf0-4ca2-828d-53d39361b357]: NIO UDP added to 0/0
2021-04-04 14:38:21 INFO web_log.py:233 ::1 [04/Apr/2021:09:38:21 +0000] "POST /v2/compute/projects/2a56fee1-bb43-4cda-a5f5-1ab3c90677e4/iou/nodes/c627637e-2cf0-4ca2-828d-53d39361b357/adapters/0/ports/0/nio HTTP/1.1" 201 377 "-" "Python/3.9 aiohttp/3.6.2"
2021-04-04 14:38:21 INFO web_log.py:233 127.0.0.1 [04/Apr/2021:09:38:21 +0000] "POST /v2/compute/projects/2a56fee1-bb43-4cda-a5f5-1ab3c90677e4/ports/udp HTTP/1.1" 201 243 "-" "Python/3.9 aiohttp/3.6.2"
2021-04-04 14:38:21 INFO web_log.py:233 ::1 [04/Apr/2021:09:38:21 +0000] "POST /v2/compute/projects/2a56fee1-bb43-4cda-a5f5-1ab3c90677e4/ports/udp HTTP/1.1" 201 243 "-" "Python/3.9 aiohttp/3.6.2"
2021-04-04 14:38:21 INFO iou_vm.py:902 IOU "S1" [c627637e-2cf0-4ca2-828d-53d39361b357]: NIO UDP added to 0/1
2021-04-04 14:38:21 INFO web_log.py:233 127.0.0.1 [04/Apr/2021:09:38:21 +0000] "POST /v2/compute/projects/2a56fee1-bb43-4cda-a5f5-1ab3c90677e4/iou/nodes/c627637e-2cf0-4ca2-828d-53d39361b357/adapters/0/ports/1/nio HTTP/1.1" 201 377 "-" "Python/3.9 aiohttp/3.6.2"
2021-04-04 14:38:21 INFO iou_vm.py:902 IOU "R1" [526b3262-a87e-4f9b-ad6e-30c40ecdf14c]: NIO UDP added to 0/0
2021-04-04 14:38:21 INFO web_log.py:233 ::1 [04/Apr/2021:09:38:21 +0000] "POST /v2/compute/projects/2a56fee1-bb43-4cda-a5f5-1ab3c90677e4/iou/nodes/526b3262-a87e-4f9b-ad6e-30c40ecdf14c/adapters/0/ports/0/nio HTTP/1.1" 201 377 "-" "Python/3.9 aiohttp/3.6.2"
2021-04-04 14:38:21 INFO web_log.py:233 127.0.0.1 [04/Apr/2021:09:38:21 +0000] "POST /v2/compute/projects/2a56fee1-bb43-4cda-a5f5-1ab3c90677e4/ports/udp HTTP/1.1" 201 243 "-" "Python/3.9 aiohttp/3.6.2"
2021-04-04 14:38:21 INFO web_log.py:233 ::1 [04/Apr/2021:09:38:21 +0000] "POST /v2/compute/projects/2a56fee1-bb43-4cda-a5f5-1ab3c90677e4/ports/udp HTTP/1.1" 201 243 "-" "Python/3.9 aiohttp/3.6.2"
2021-04-04 14:38:21 INFO iou_vm.py:902 IOU "R1" [526b3262-a87e-4f9b-ad6e-30c40ecdf14c]: NIO UDP added to 0/1
2021-04-04 14:38:21 INFO web_log.py:233 127.0.0.1 [04/Apr/2021:09:38:21 +0000] "POST /v2/compute/projects/2a56fee1-bb43-4cda-a5f5-1ab3c90677e4/iou/nodes/526b3262-a87e-4f9b-ad6e-30c40ecdf14c/adapters/0/ports/1/nio HTTP/1.1" 201 377 "-" "Python/3.9 aiohttp/3.6.2"
2021-04-04 14:38:21 INFO cloud.py:396 Cloud "NAT1" [ca859fb8-59bf-4a2a-abd1-6b3d3157defb]: NIO NIO UDP bound to port 0
2021-04-04 14:38:21 INFO web_log.py:233 ::1 [04/Apr/2021:09:38:21 +0000] "POST /v2/compute/projects/2a56fee1-bb43-4cda-a5f5-1ab3c90677e4/nat/nodes/ca859fb8-59bf-4a2a-abd1-6b3d3157defb/adapters/0/ports/0/nio HTTP/1.1" 201 377 "-" "Python/3.9 aiohttp/3.6.2"
2021-04-04 14:38:21 INFO web_log.py:233 ::1 [04/Apr/2021:09:38:21 +0000] "POST /v2/projects/load HTTP/1.1" 201 761 "-" "GNS3 QT Client v2.2.19"
2021-04-04 14:38:21 INFO project_handler.py:271 New client has connected to the notification stream for project ID '2a56fee1-bb43-4cda-a5f5-1ab3c90677e4' (WebSocket method)
2021-04-04 14:38:21 INFO web_log.py:233 ::1 [04/Apr/2021:09:38:21 +0000] "GET /v2/projects/2a56fee1-bb43-4cda-a5f5-1ab3c90677e4/nodes HTTP/1.1" 200 17680 "-" "GNS3 QT Client v2.2.19"
2021-04-04 14:38:21 INFO web_log.py:233 ::1 [04/Apr/2021:09:38:21 +0000] "GET /v2/projects/2a56fee1-bb43-4cda-a5f5-1ab3c90677e4/links HTTP/1.1" 200 4120 "-" "GNS3 QT Client v2.2.19"
2021-04-04 14:38:21 INFO web_log.py:233 ::1 [04/Apr/2021:09:38:21 +0000] "GET /v2/projects/2a56fee1-bb43-4cda-a5f5-1ab3c90677e4/drawings HTTP/1.1" 200 2717 "-" "GNS3 QT Client v2.2.19"
2021-04-04 14:38:25 INFO iou_vm.py:414 Checking IOU license in '/tmp/tmpfyjoepwr/iourc'
2021-04-04 14:38:25 INFO iou_vm.py:414 Checking IOU license in '/tmp/tmpq5zyc11w/iourc'
2021-04-04 14:38:25 INFO base_node.py:655 Starting new uBridge hypervisor localhost:39731
2021-04-04 14:38:25 INFO base_node.py:655 Starting new uBridge hypervisor localhost:38423
2021-04-04 14:38:25 INFO hypervisor.py:169 starting ubridge: ['/sbin/ubridge', '-H', 'localhost:39731']
2021-04-04 14:38:25 INFO hypervisor.py:171 logging to /home/saad/GNS3/projects/lab_for_programming/project-files/iou/526b3262-a87e-4f9b-ad6e-30c40ecdf14c/ubridge.log
2021-04-04 14:38:25 INFO hypervisor.py:179 ubridge started PID=3636
2021-04-04 14:38:25 INFO base_node.py:658 Hypervisor localhost:39731 has successfully started
2021-04-04 14:38:25 INFO hypervisor.py:169 starting ubridge: ['/sbin/ubridge', '-H', 'localhost:38423']
2021-04-04 14:38:25 INFO hypervisor.py:171 logging to /home/saad/GNS3/projects/lab_for_programming/project-files/iou/c627637e-2cf0-4ca2-828d-53d39361b357/ubridge.log
2021-04-04 14:38:25 INFO hypervisor.py:179 ubridge started PID=3639
2021-04-04 14:38:25 INFO base_node.py:658 Hypervisor localhost:38423 has successfully started
2021-04-04 14:38:25 INFO base_node.py:655 Starting new uBridge hypervisor localhost:39937
2021-04-04 14:38:25 INFO hypervisor.py:169 starting ubridge: ['/sbin/ubridge', '-H', 'localhost:39937']
2021-04-04 14:38:25 INFO hypervisor.py:171 logging to /home/saad/GNS3/projects/lab_for_programming/project-files/docker/12019ce8-f8ff-4a54-b226-3fc9f4b4b4c2/ubridge.log
2021-04-04 14:38:25 INFO hypervisor.py:179 ubridge started PID=3714
2021-04-04 14:38:25 INFO base_node.py:658 Hypervisor localhost:39937 has successfully started
2021-04-04 14:38:25 INFO ubridge_hypervisor.py:83 Connected to uBridge hypervisor on localhost:39731 after 0.1093 seconds
2021-04-04 14:38:25 INFO ubridge_hypervisor.py:83 Connected to uBridge hypervisor on localhost:38423 after 0.1059 seconds
2021-04-04 14:38:25 INFO iou_vm.py:753 IOU R1 [id=526b3262-a87e-4f9b-ad6e-30c40ecdf14c]: NETMAP file created
2021-04-04 14:38:25 INFO iou_vm.py:753 IOU S1 [id=c627637e-2cf0-4ca2-828d-53d39361b357]: NETMAP file created
2021-04-04 14:38:25 INFO ubridge_hypervisor.py:83 Connected to uBridge hypervisor on localhost:39937 after 0.1159 seconds
2021-04-04 14:38:25 INFO iou_vm.py:551 Starting IOU: ['/home/saad/GNS3/images/IOU/i86bi-linux-l3-adventerprisek9-ms.155-2.T.bin', '-e', '3', '-s', '1', '1']
2021-04-04 14:38:25 INFO iou_vm.py:551 Starting IOU: ['/home/saad/GNS3/images/IOU/i86bi-linux-l2-adventerprisek9-15.1a.bin', '-e', '4', '-s', '0', '2']
2021-04-04 14:38:25 INFO iou_vm.py:560 IOU instance 526b3262-a87e-4f9b-ad6e-30c40ecdf14c started PID=3722
2021-04-04 14:38:25 INFO iou_vm.py:560 IOU instance c627637e-2cf0-4ca2-828d-53d39361b357 started PID=3724
2021-04-04 14:38:25 INFO web_log.py:233 ::1 [04/Apr/2021:09:38:25 +0000] "POST /v2/compute/projects/2a56fee1-bb43-4cda-a5f5-1ab3c90677e4/iou/nodes/526b3262-a87e-4f9b-ad6e-30c40ecdf14c/start HTTP/1.1" 200 976 "-" "Python/3.9 aiohttp/3.6.2"
2021-04-04 14:38:25 INFO web_log.py:233 127.0.0.1 [04/Apr/2021:09:38:25 +0000] "POST /v2/compute/projects/2a56fee1-bb43-4cda-a5f5-1ab3c90677e4/iou/nodes/c627637e-2cf0-4ca2-828d-53d39361b357/start HTTP/1.1" 200 966 "-" "Python/3.9 aiohttp/3.6.2"
2021-04-04 14:38:25 INFO web_log.py:233 ::1 [04/Apr/2021:09:38:25 +0000] "POST /v2/compute/projects/2a56fee1-bb43-4cda-a5f5-1ab3c90677e4/nat/nodes/ca859fb8-59bf-4a2a-abd1-6b3d3157defb/start HTTP/1.1" 204 244 "-" "Python/3.9 aiohttp/3.6.2"
2021-04-04 14:38:25 INFO docker_vm.py:499 Docker container 'debian-1' [debian:latest] started listen for telnet on 5005
2021-04-04 14:38:25 INFO web_log.py:233 127.0.0.1 [04/Apr/2021:09:38:25 +0000] "POST /v2/compute/projects/2a56fee1-bb43-4cda-a5f5-1ab3c90677e4/docker/nodes/12019ce8-f8ff-4a54-b226-3fc9f4b4b4c2/start HTTP/1.1" 204 247 "-" "Python/3.9 aiohttp/3.6.2"
2021-04-04 14:38:25 INFO web_log.py:233 ::1 [04/Apr/2021:09:38:25 +0000] "POST /v2/projects/2a56fee1-bb43-4cda-a5f5-1ab3c90677e4/nodes/start HTTP/1.1" 204 222 "-" "GNS3 QT Client v2.2.19"
2021-04-04 14:38:26 INFO project_handler.py:289 Project '3ec6f463-385e-48cb-87da-3815cac79cc4' is automatically closing due to no client listening
2021-04-04 14:38:26 INFO web_log.py:233 ::1 [04/Apr/2021:09:38:26 +0000] "POST /v2/compute/projects/3ec6f463-385e-48cb-87da-3815cac79cc4/nat/nodes/08389a54-4c37-42c8-8a7b-ce8960d1b5a8/stop HTTP/1.1" 204 243 "-" "Python/3.9 aiohttp/3.6.2"
2021-04-04 14:38:26 INFO web_log.py:233 127.0.0.1 [04/Apr/2021:09:38:26 +0000] "POST /v2/compute/projects/3ec6f463-385e-48cb-87da-3815cac79cc4/qemu/nodes/3e6e9bc0-a44c-46ce-aaf4-98f10c3260e1/stop HTTP/1.1" 204 244 "-" "Python/3.9 aiohttp/3.6.2"
2021-04-04 14:38:26 INFO base_node.py:331 Builtin: 'NAT1' [08389a54-4c37-42c8-8a7b-ce8960d1b5a8]: is closing
2021-04-04 14:38:26 INFO base_node.py:669 Stopping uBridge hypervisor localhost:45627
2021-04-04 14:38:26 INFO hypervisor.py:208 Stopping uBridge process PID=3491
2021-04-04 14:38:26 INFO base_node.py:331 Qemu: 'S1' [3e6e9bc0-a44c-46ce-aaf4-98f10c3260e1]: is closing
2021-04-04 14:38:26 INFO cloud.py:248 Cloud "NAT1" [08389a54-4c37-42c8-8a7b-ce8960d1b5a8] has been closed
2021-04-04 14:38:26 INFO project.py:361 Project 3ec6f463-385e-48cb-87da-3815cac79cc4 with path '/home/saad/GNS3/projects/untitled1' closed
2021-04-04 14:38:26 INFO web_log.py:233 127.0.0.1 [04/Apr/2021:09:38:26 +0000] "POST /v2/compute/projects/3ec6f463-385e-48cb-87da-3815cac79cc4/close HTTP/1.1" 204 224 "-" "Python/3.9 aiohttp/3.6.2"
2021-04-04 14:38:26 INFO web_log.py:233 ::1 [04/Apr/2021:09:38:26 +0000] "GET /v2/computes HTTP/1.1" 200 1023 "-" "GNS3 QT Client v2.2.19"
2021-04-04 14:40:29 INFO base_node.py:669 Stopping uBridge hypervisor localhost:38423
2021-04-04 14:40:29 INFO hypervisor.py:208 Stopping uBridge process PID=3639
2021-04-04 14:40:29 INFO base_node.py:669 Stopping uBridge hypervisor localhost:39731
2021-04-04 14:40:29 INFO hypervisor.py:208 Stopping uBridge process PID=3636
2021-04-04 14:40:29 INFO base_node.py:669 Stopping uBridge hypervisor localhost:39937
2021-04-04 14:40:29 INFO hypervisor.py:208 Stopping uBridge process PID=3714
2021-04-04 14:40:29 INFO iou_vm.py:698 Stopping IOU process for IOU VM "S1" PID=3724
2021-04-04 14:40:29 INFO iou_vm.py:698 Stopping IOU process for IOU VM "R1" PID=3722
2021-04-04 14:40:29 INFO iou_vm.py:698 Stopping IOU process for IOU VM "S1" PID=3724
2021-04-04 14:40:29 INFO iou_vm.py:1268 saving startup-config to /home/saad/GNS3/projects/lab_for_programming/project-files/iou/c627637e-2cf0-4ca2-828d-53d39361b357/startup-config.cfg
2021-04-04 14:40:29 INFO iou_vm.py:1278 saving private-config to /home/saad/GNS3/projects/lab_for_programming/project-files/iou/c627637e-2cf0-4ca2-828d-53d39361b357/private-config.cfg
2021-04-04 14:40:29 INFO web_log.py:233 ::1 [04/Apr/2021:09:40:29 +0000] "POST /v2/compute/projects/2a56fee1-bb43-4cda-a5f5-1ab3c90677e4/iou/nodes/c627637e-2cf0-4ca2-828d-53d39361b357/stop HTTP/1.1" 204 243 "-" "Python/3.9 aiohttp/3.6.2"
2021-04-04 14:40:29 INFO iou_vm.py:698 Stopping IOU process for IOU VM "R1" PID=3722
2021-04-04 14:40:29 INFO iou_vm.py:1268 saving startup-config to /home/saad/GNS3/projects/lab_for_programming/project-files/iou/526b3262-a87e-4f9b-ad6e-30c40ecdf14c/startup-config.cfg
2021-04-04 14:40:29 INFO iou_vm.py:1278 saving private-config to /home/saad/GNS3/projects/lab_for_programming/project-files/iou/526b3262-a87e-4f9b-ad6e-30c40ecdf14c/private-config.cfg
2021-04-04 14:40:29 INFO web_log.py:233 127.0.0.1 [04/Apr/2021:09:40:29 +0000] "POST /v2/compute/projects/2a56fee1-bb43-4cda-a5f5-1ab3c90677e4/iou/nodes/526b3262-a87e-4f9b-ad6e-30c40ecdf14c/stop HTTP/1.1" 204 243 "-" "Python/3.9 aiohttp/3.6.2"
2021-04-04 14:40:29 INFO web_log.py:233 127.0.0.1 [04/Apr/2021:09:40:29 +0000] "POST /v2/compute/projects/2a56fee1-bb43-4cda-a5f5-1ab3c90677e4/nat/nodes/ca859fb8-59bf-4a2a-abd1-6b3d3157defb/stop HTTP/1.1" 204 243 "-" "Python/3.9 aiohttp/3.6.2"
2021-04-04 14:40:29 INFO docker_vm.py:533 Docker container 'debian-1' fix ownership, state = running
2021-04-04 14:40:34 INFO docker_vm.py:793 Docker container 'debian-1' [debian:latest] stopped
2021-04-04 14:40:34 INFO web_log.py:233 ::1 [04/Apr/2021:09:40:29 +0000] "POST /v2/compute/projects/2a56fee1-bb43-4cda-a5f5-1ab3c90677e4/docker/nodes/12019ce8-f8ff-4a54-b226-3fc9f4b4b4c2/stop HTTP/1.1" 204 246 "-" "Python/3.9 aiohttp/3.6.2"
2021-04-04 14:40:34 INFO web_log.py:233 ::1 [04/Apr/2021:09:40:29 +0000] "POST /v2/projects/2a56fee1-bb43-4cda-a5f5-1ab3c90677e4/nodes/stop HTTP/1.1" 204 221 "-" "GNS3 QT Client v2.2.19"
2021-04-04 14:40:35 INFO web_log.py:233 ::1 [04/Apr/2021:09:40:35 +0000] "GET /v2/computes HTTP/1.1" 200 1022 "-" "GNS3 QT Client v2.2.19"
2021-04-04 14:44:25 INFO notification_handler.py:82 Client has disconnected from controller WebSocket
2021-04-04 14:44:25 INFO server_handler.py:53 Start shutting down the server
2021-04-04 14:44:25 INFO iou_vm.py:1268 saving startup-config to /home/saad/GNS3/projects/lab_for_programming/project-files/iou/526b3262-a87e-4f9b-ad6e-30c40ecdf14c/startup-config.cfg
2021-04-04 14:44:25 INFO iou_vm.py:1278 saving private-config to /home/saad/GNS3/projects/lab_for_programming/project-files/iou/526b3262-a87e-4f9b-ad6e-30c40ecdf14c/private-config.cfg
2021-04-04 14:44:25 INFO iou_vm.py:1268 saving startup-config to /home/saad/GNS3/projects/lab_for_programming/project-files/iou/c627637e-2cf0-4ca2-828d-53d39361b357/startup-config.cfg
2021-04-04 14:44:25 INFO iou_vm.py:1278 saving private-config to /home/saad/GNS3/projects/lab_for_programming/project-files/iou/c627637e-2cf0-4ca2-828d-53d39361b357/private-config.cfg
2021-04-04 14:44:25 INFO web_log.py:233 127.0.0.1 [04/Apr/2021:09:44:25 +0000] "POST /v2/compute/projects/2a56fee1-bb43-4cda-a5f5-1ab3c90677e4/iou/nodes/526b3262-a87e-4f9b-ad6e-30c40ecdf14c/stop HTTP/1.1" 204 243 "-" "Python/3.9 aiohttp/3.6.2"
2021-04-04 14:44:25 INFO web_log.py:233 ::1 [04/Apr/2021:09:44:25 +0000] "POST /v2/compute/projects/2a56fee1-bb43-4cda-a5f5-1ab3c90677e4/iou/nodes/c627637e-2cf0-4ca2-828d-53d39361b357/stop HTTP/1.1" 204 243 "-" "Python/3.9 aiohttp/3.6.2"
2021-04-04 14:44:25 INFO web_log.py:233 ::1 [04/Apr/2021:09:44:25 +0000] "POST /v2/compute/projects/2a56fee1-bb43-4cda-a5f5-1ab3c90677e4/docker/nodes/12019ce8-f8ff-4a54-b226-3fc9f4b4b4c2/stop HTTP/1.1" 204 246 "-" "Python/3.9 aiohttp/3.6.2"
2021-04-04 14:44:25 INFO web_log.py:233 127.0.0.1 [04/Apr/2021:09:44:25 +0000] "POST /v2/compute/projects/2a56fee1-bb43-4cda-a5f5-1ab3c90677e4/nat/nodes/ca859fb8-59bf-4a2a-abd1-6b3d3157defb/stop HTTP/1.1" 204 243 "-" "Python/3.9 aiohttp/3.6.2"
2021-04-04 14:44:25 INFO base_node.py:331 Builtin: 'NAT1' [ca859fb8-59bf-4a2a-abd1-6b3d3157defb]: is closing
2021-04-04 14:44:25 INFO base_node.py:669 Stopping uBridge hypervisor localhost:45229
2021-04-04 14:44:25 INFO hypervisor.py:208 Stopping uBridge process PID=3590
2021-04-04 14:44:25 INFO base_node.py:331 Docker: 'debian-1' [12019ce8-f8ff-4a54-b226-3fc9f4b4b4c2]: is closing
2021-04-04 14:44:25 INFO base_node.py:331 IOU: 'R1' [526b3262-a87e-4f9b-ad6e-30c40ecdf14c]: is closing
2021-04-04 14:44:25 INFO iou_vm.py:1268 saving startup-config to /home/saad/GNS3/projects/lab_for_programming/project-files/iou/526b3262-a87e-4f9b-ad6e-30c40ecdf14c/startup-config.cfg
2021-04-04 14:44:25 INFO iou_vm.py:1278 saving private-config to /home/saad/GNS3/projects/lab_for_programming/project-files/iou/526b3262-a87e-4f9b-ad6e-30c40ecdf14c/private-config.cfg
2021-04-04 14:44:25 INFO base_node.py:331 IOU: 'S1' [c627637e-2cf0-4ca2-828d-53d39361b357]: is closing
2021-04-04 14:44:25 INFO iou_vm.py:1268 saving startup-config to /home/saad/GNS3/projects/lab_for_programming/project-files/iou/c627637e-2cf0-4ca2-828d-53d39361b357/startup-config.cfg
2021-04-04 14:44:25 INFO iou_vm.py:1278 saving private-config to /home/saad/GNS3/projects/lab_for_programming/project-files/iou/c627637e-2cf0-4ca2-828d-53d39361b357/private-config.cfg
2021-04-04 14:44:25 INFO docker_vm.py:872 Docker container 'debian-1' [debian:latest] removed
2021-04-04 14:44:26 INFO cloud.py:248 Cloud "NAT1" [ca859fb8-59bf-4a2a-abd1-6b3d3157defb] has been closed
2021-04-04 14:44:26 INFO project.py:361 Project 2a56fee1-bb43-4cda-a5f5-1ab3c90677e4 with path '/home/saad/GNS3/projects/lab_for_programming' closed
2021-04-04 14:44:26 INFO web_log.py:233 ::1 [04/Apr/2021:09:44:25 +0000] "POST /v2/compute/projects/2a56fee1-bb43-4cda-a5f5-1ab3c90677e4/close HTTP/1.1" 204 224 "-" "Python/3.9 aiohttp/3.6.2"
2021-04-04 14:44:26 INFO web_server.py:113 Closing 2 websocket connections...
2021-04-04 14:44:26 INFO web_log.py:233 ::1 [04/Apr/2021:09:44:25 +0000] "POST /v2/shutdown HTTP/1.1" 201 194 "-" "GNS3 QT Client v2.2.19"
2021-04-04 14:44:26 INFO compute.py:460 Connection closed to compute 'local' WebSocket 'http://localhost:3080/v2/compute/notifications/ws'
2021-04-04 14:44:26 INFO project_handler.py:280 Client has disconnected from notification stream for project ID '2a56fee1-bb43-4cda-a5f5-1ab3c90677e4' (WebSocket method)
2021-04-04 14:44:26 INFO notification_handler.py:59 Client has disconnected from compute WebSocket
2021-04-04 14:44:26 INFO __init__.py:130 Controller is stopping
2021-04-04 14:44:26 INFO run.py:272 Remove PID file /home/saad/.config/GNS3/2.2/gns3_server.pid
